[INFO] django.server 2023-08-11 16:40:33,671 - basehttp 17783 : "GET / HTTP/1.1" 302 0
[INFO] django.server 2023-08-11 16:40:33,683 - basehttp 17783 : "GET /login/?next=/ HTTP/1.1" 200 6149
[INFO] django.server 2023-08-11 16:40:33,880 - basehttp 17783 : "GET /static/css/themify-icons.css HTTP/1.1" 200 16474
[INFO] django.server 2023-08-11 16:40:33,881 - basehttp 17783 : "GET /static/css/lightbox.css HTTP/1.1" 200 4352
[INFO] django.server 2023-08-11 16:40:33,881 - basehttp 17783 : "GET /static/css/feather.css HTTP/1.1" 200 13391
[INFO] django.server 2023-08-11 16:40:33,882 - basehttp 17783 : "GET /static/django-browser-reload/reload-listener.js HTTP/1.1" 200 623
[INFO] django.server 2023-08-11 16:40:33,882 - basehttp 17783 : "GET /static/js/scripts.js HTTP/1.1" 200 9730
[INFO] django.server 2023-08-11 16:40:33,885 - basehttp 17783 : "GET /static/css/style.css HTTP/1.1" 200 302860
[INFO] django.server 2023-08-11 16:40:33,885 - basehttp 17783 : "GET /static/js/plugin.js HTTP/1.1" 200 250710
[INFO] django.server 2023-08-11 16:40:33,886 - basehttp 17783 : "GET /static/css/emoji.css HTTP/1.1" 200 411332
[INFO] django.server 2023-08-11 16:40:33,928 - basehttp 17783 : "GET /static/png/icon-1.png HTTP/1.1" 200 2746
[INFO] django.server 2023-08-11 16:40:33,928 - basehttp 17783 : "GET /static/png/icon-3.png HTTP/1.1" 200 2611
[INFO] django.server 2023-08-11 16:40:33,933 - basehttp 17783 : "GET /static/vendor/owl-carousel/css/owl.carousel.min.css HTTP/1.1" 200 3351
[INFO] django.server 2023-08-11 16:40:33,933 - basehttp 17783 : "GET /static/vendor/owl-carousel/css/owl.theme.default.css HTTP/1.1" 200 1380
[INFO] django.server 2023-08-11 16:40:34,301 - basehttp 17783 : "GET /static/svg/preloader.svg HTTP/1.1" 200 686
[INFO] django.server 2023-08-11 16:40:34,301 - basehttp 17783 : "GET /static/jpg/login-bg.jpg HTTP/1.1" 200 41173
[INFO] django.server 2023-08-11 16:40:34,314 - basehttp 17783 : "GET /static/fonts/themify.woff?-fvbane HTTP/1.1" 200 56108
[INFO] django.server 2023-08-11 16:40:34,315 - basehttp 17783 : "GET /static/fonts/Feather.ttf?sdxovp HTTP/1.1" 200 65112
[INFO] django.server 2023-08-11 16:40:34,343 - basehttp 17783 : "GET /static/django-browser-reload/reload-worker.js HTTP/1.1" 200 2711
[INFO] django.server 2023-08-11 16:40:34,460 - basehttp 17783 : "GET /static/svg/zap.svg HTTP/1.1" 200 277
[INFO] django.server 2023-08-11 16:40:47,060 - basehttp 17783 : "GET /register/ HTTP/1.1" 200 6967
[INFO] django.server 2023-08-11 16:40:47,122 - basehttp 17783 : "GET /static/css/feather.css HTTP/1.1" 304 0
[INFO] django.server 2023-08-11 16:40:47,123 - basehttp 17783 : "GET /static/css/lightbox.css HTTP/1.1" 304 0
[INFO] django.server 2023-08-11 16:40:47,123 - basehttp 17783 : "GET /static/css/style.css HTTP/1.1" 304 0
[INFO] django.server 2023-08-11 16:40:47,123 - basehttp 17783 : "GET /static/js/plugin.js HTTP/1.1" 304 0
[INFO] django.server 2023-08-11 16:40:47,124 - basehttp 17783 : "GET /static/css/emoji.css HTTP/1.1" 304 0
[INFO] django.server 2023-08-11 16:40:47,124 - basehttp 17783 : "GET /static/css/themify-icons.css HTTP/1.1" 304 0
[INFO] django.server 2023-08-11 16:40:47,124 - basehttp 17783 : "GET /static/js/scripts.js HTTP/1.1" 304 0
[INFO] django.server 2023-08-11 16:40:47,125 - basehttp 17783 : "GET /static/django-browser-reload/reload-listener.js HTTP/1.1" 304 0
[INFO] django.server 2023-08-11 16:40:47,128 - basehttp 17783 : "GET /static/vendor/owl-carousel/css/owl.carousel.min.css HTTP/1.1" 304 0
[INFO] django.server 2023-08-11 16:40:47,128 - basehttp 17783 : "GET /static/vendor/owl-carousel/css/owl.theme.default.css HTTP/1.1" 304 0
[INFO] django.server 2023-08-11 16:40:47,182 - basehttp 17783 : "GET /static/svg/preloader.svg HTTP/1.1" 304 0
[INFO] django.server 2023-08-11 16:40:47,182 - basehttp 17783 : "GET /static/jpg/register-bg.jpg HTTP/1.1" 200 47139
[INFO] django.server 2023-08-11 16:41:19,442 - basehttp 17783 : "POST /register/ HTTP/1.1" 302 0
[INFO] django.server 2023-08-11 16:41:19,464 - basehttp 17783 : "GET / HTTP/1.1" 200 76567
[INFO] django.server 2023-08-11 16:41:19,557 - basehttp 17783 : "GET /static/svg/default_profile_image.svg HTTP/1.1" 200 220
[INFO] django.server 2023-08-11 16:41:19,557 - basehttp 17783 : "GET /media/profile_images/leyla.jpg HTTP/1.1" 200 3767
[INFO] django.server 2023-08-11 16:41:19,558 - basehttp 17783 : "GET /media/profile_images/arj.jpg HTTP/1.1" 200 4881
[INFO] django.server 2023-08-11 16:41:19,558 - basehttp 17783 : "GET /static/js/plugin.js HTTP/1.1" 304 0
[INFO] django.server 2023-08-11 16:41:19,559 - basehttp 17783 : "GET /static/js/lightbox.js HTTP/1.1" 200 20097
[INFO] django.server 2023-08-11 16:41:19,560 - basehttp 17783 : "GET /static/js/scripts.js HTTP/1.1" 304 0
[INFO] django.server 2023-08-11 16:41:19,561 - basehttp 17783 : "GET /media/post_images/tianjin-2185510_1280.jpg HTTP/1.1" 200 267061
[INFO] django.server 2023-08-11 16:41:19,561 - basehttp 17783 : "GET /media/post_images/books-436498_1280.jpg HTTP/1.1" 200 264819
[INFO] django.server 2023-08-11 16:41:19,562 - basehttp 17783 : "GET /static/django-browser-reload/reload-listener.js HTTP/1.1" 304 0
[INFO] django.server 2023-08-11 16:41:19,601 - basehttp 17783 : "GET /static/css/feather.css HTTP/1.1" 304 0
[INFO] django.server 2023-08-11 16:41:19,601 - basehttp 17783 : "GET /static/css/themify-icons.css HTTP/1.1" 304 0
[INFO] django.server 2023-08-11 16:41:19,604 - basehttp 17783 : "GET /static/css/emoji.css HTTP/1.1" 304 0
[INFO] django.server 2023-08-11 16:41:19,604 - basehttp 17783 : "GET /static/css/style.css HTTP/1.1" 304 0
[INFO] django.server 2023-08-11 16:41:19,607 - basehttp 17783 : "GET /static/css/lightbox.css HTTP/1.1" 304 0
[INFO] django.server 2023-08-11 16:41:19,654 - basehttp 17783 : "GET /media/profile_images/bob.jpg HTTP/1.1" 200 5616
[INFO] django.server 2023-08-11 16:41:19,655 - basehttp 17783 : "GET /media/profile_images/heather.jpg HTTP/1.1" 200 4440
[INFO] django.server 2023-08-11 16:41:19,656 - basehttp 17783 : "GET /media/post_images/coffee-1117933_1280.jpg HTTP/1.1" 200 249491
[INFO] django.server 2023-08-11 16:41:19,656 - basehttp 17783 : "GET /media/profile_images/joey.jpg HTTP/1.1" 200 5615
[INFO] django.server 2023-08-11 16:41:19,658 - basehttp 17783 : "GET /media/post_images/RE4CSNW_1920x1080.jpg HTTP/1.1" 200 845866
[INFO] django.server 2023-08-11 16:41:19,697 - basehttp 17783 : "GET /static/vendor/owl-carousel/css/owl.theme.default.css HTTP/1.1" 304 0
[INFO] django.server 2023-08-11 16:41:19,698 - basehttp 17783 : "GET /static/vendor/owl-carousel/css/owl.carousel.min.css HTTP/1.1" 304 0
[INFO] django.server 2023-08-11 16:41:19,752 - basehttp 17783 : "GET /static/svg/preloader.svg HTTP/1.1" 304 0
[INFO] django.server 2023-08-11 16:41:19,786 - basehttp 17783 : "GET /static/png/close.png HTTP/1.1" 200 280
[INFO] django.server 2023-08-11 16:41:19,786 - basehttp 17783 : "GET /static/png/next.png HTTP/1.1" 200 1350
[INFO] django.server 2023-08-11 16:41:19,786 - basehttp 17783 : "GET /static/gif/loading.gif HTTP/1.1" 200 8476
[INFO] django.server 2023-08-11 16:41:19,787 - basehttp 17783 : "GET /static/png/prev.png HTTP/1.1" 200 1360
[INFO] django.server 2023-08-11 16:41:51,252 - basehttp 17783 : "GET /profile/7/ HTTP/1.1" 200 31951
[INFO] django.server 2023-08-11 16:41:51,310 - basehttp 17783 : "GET /static/png/cover_default.png HTTP/1.1" 200 6435
[INFO] django.server 2023-08-11 16:41:51,311 - basehttp 17783 : "GET /static/js/jquery.easypiechart.min.js HTTP/1.1" 200 3990
[INFO] django.server 2023-08-11 16:41:51,315 - basehttp 17783 : "GET /static/css/emoji.css HTTP/1.1" 304 0
[INFO] django.server 2023-08-11 16:41:51,316 - basehttp 17783 : "GET /static/css/feather.css HTTP/1.1" 304 0
[INFO] django.server 2023-08-11 16:41:51,316 - basehttp 17783 : "GET /static/css/lightbox.css HTTP/1.1" 304 0
[INFO] django.server 2023-08-11 16:41:51,317 - basehttp 17783 : "GET /static/css/style.css HTTP/1.1" 304 0
[INFO] django.server 2023-08-11 16:41:51,317 - basehttp 17783 : "GET /static/css/themify-icons.css HTTP/1.1" 304 0
[INFO] django.server 2023-08-11 16:41:51,319 - basehttp 17783 : "GET /static/js/plugin.js HTTP/1.1" 304 0
[INFO] django.server 2023-08-11 16:41:51,319 - basehttp 17783 : "GET /static/js/lightbox.js HTTP/1.1" 304 0
[INFO] django.server 2023-08-11 16:41:51,319 - basehttp 17783 : "GET /static/js/scripts.js HTTP/1.1" 304 0
[INFO] django.server 2023-08-11 16:41:51,357 - basehttp 17783 : "GET /static/django-browser-reload/reload-listener.js HTTP/1.1" 304 0
[INFO] django.server 2023-08-11 16:41:51,361 - basehttp 17783 : "GET /static/vendor/owl-carousel/css/owl.theme.default.css HTTP/1.1" 304 0
[INFO] django.server 2023-08-11 16:41:51,361 - basehttp 17783 : "GET /static/vendor/owl-carousel/css/owl.carousel.min.css HTTP/1.1" 304 0
[INFO] django.server 2023-08-11 16:41:51,408 - basehttp 17783 : "GET /static/svg/default_profile_image.svg HTTP/1.1" 304 0
[INFO] django.server 2023-08-11 16:41:51,408 - basehttp 17783 : "GET /media/profile_images/bob.jpg HTTP/1.1" 304 0
[INFO] django.server 2023-08-11 16:41:51,409 - basehttp 17783 : "GET /media/profile_images/leyla.jpg HTTP/1.1" 304 0
[INFO] django.server 2023-08-11 16:41:51,409 - basehttp 17783 : "GET /media/profile_images/heather.jpg HTTP/1.1" 304 0
[INFO] django.server 2023-08-11 16:41:51,411 - basehttp 17783 : "GET /media/profile_images/joey.jpg HTTP/1.1" 304 0
[INFO] django.server 2023-08-11 16:41:51,411 - basehttp 17783 : "GET /media/profile_images/arj.jpg HTTP/1.1" 304 0
[INFO] django.server 2023-08-11 16:41:51,415 - basehttp 17783 : "GET /static/svg/preloader.svg HTTP/1.1" 304 0
[INFO] django.server 2023-08-11 16:41:51,451 - basehttp 17783 : "GET /static/png/prev.png HTTP/1.1" 304 0
[INFO] django.server 2023-08-11 16:41:51,451 - basehttp 17783 : "GET /static/png/next.png HTTP/1.1" 304 0
[INFO] django.server 2023-08-11 16:41:51,453 - basehttp 17783 : "GET /static/png/close.png HTTP/1.1" 304 0
[INFO] django.server 2023-08-11 16:41:51,454 - basehttp 17783 : "GET /static/gif/loading.gif HTTP/1.1" 304 0
[INFO] django.server 2023-08-11 16:42:04,576 - basehttp 17783 : "GET /profile/7/ HTTP/1.1" 200 31951
[INFO] django.server 2023-08-11 16:42:04,637 - basehttp 17783 : "GET /static/django-browser-reload/reload-listener.js HTTP/1.1" 304 0
[INFO] django.server 2023-08-11 16:42:13,953 - basehttp 17783 : "GET /all-profiles/ HTTP/1.1" 200 38505
[INFO] django.server 2023-08-11 16:42:13,991 - basehttp 17783 : "GET /static/js/plugin.js HTTP/1.1" 304 0
[INFO] django.server 2023-08-11 16:42:13,992 - basehttp 17783 : "GET /static/js/scripts.js HTTP/1.1" 304 0
[INFO] django.server 2023-08-11 16:42:13,997 - basehttp 17783 : "GET /static/css/feather.css HTTP/1.1" 304 0
[INFO] django.server 2023-08-11 16:42:13,998 - basehttp 17783 : "GET /static/css/themify-icons.css HTTP/1.1" 304 0
[INFO] django.server 2023-08-11 16:42:13,999 - basehttp 17783 : "GET /static/css/lightbox.css HTTP/1.1" 304 0
[INFO] django.server 2023-08-11 16:42:14,000 - basehttp 17783 : "GET /static/css/emoji.css HTTP/1.1" 304 0
[INFO] django.server 2023-08-11 16:42:14,000 - basehttp 17783 : "GET /static/css/style.css HTTP/1.1" 304 0
[INFO] django.server 2023-08-11 16:42:14,005 - basehttp 17783 : "GET /static/vendor/owl-carousel/css/owl.theme.default.css HTTP/1.1" 304 0
[INFO] django.server 2023-08-11 16:42:14,005 - basehttp 17783 : "GET /static/vendor/owl-carousel/css/owl.carousel.min.css HTTP/1.1" 304 0
[INFO] django.server 2023-08-11 16:42:14,051 - basehttp 17783 : "GET /media/profile_images/leyla.jpg HTTP/1.1" 200 3767
[INFO] django.server 2023-08-11 16:42:14,053 - basehttp 17783 : "GET /static/svg/default_profile_image.svg HTTP/1.1" 200 220
[INFO] django.server 2023-08-11 16:42:14,053 - basehttp 17783 : "GET /media/profile_images/joey.jpg HTTP/1.1" 200 5615
[INFO] django.server 2023-08-11 16:42:14,054 - basehttp 17783 : "GET /media/profile_images/bob.jpg HTTP/1.1" 200 5616
[INFO] django.server 2023-08-11 16:42:14,054 - basehttp 17783 : "GET /media/profile_images/arj.jpg HTTP/1.1" 200 4881
[INFO] django.server 2023-08-11 16:42:14,095 - basehttp 17783 : "GET /media/profile_images/heather.jpg HTTP/1.1" 200 4440
[INFO] django.server 2023-08-11 16:42:14,097 - basehttp 17783 : "GET /static/svg/preloader.svg HTTP/1.1" 304 0
[INFO] django.server 2023-08-11 16:42:16,673 - basehttp 17783 : "GET /profile/1/ HTTP/1.1" 200 39970
[INFO] django.server 2023-08-11 16:42:16,721 - basehttp 17783 : "GET /static/js/jquery.easypiechart.min.js HTTP/1.1" 304 0
[INFO] django.server 2023-08-11 16:42:16,722 - basehttp 17783 : "GET /static/js/lightbox.js HTTP/1.1" 304 0
[INFO] django.server 2023-08-11 16:42:16,722 - basehttp 17783 : "GET /static/django-browser-reload/reload-listener.js HTTP/1.1" 304 0
[INFO] django.server 2023-08-11 16:42:16,723 - basehttp 17783 : "GET /media/cover_images/RE4NXnV_1920x1080.jpg HTTP/1.1" 200 813080
[INFO] django.server 2023-08-11 16:42:16,725 - basehttp 17783 : "GET /media/post_images/coffee-1117933_1280.jpg HTTP/1.1" 200 249491
[INFO] django.server 2023-08-11 16:42:16,764 - basehttp 17783 : "GET /static/png/prev.png HTTP/1.1" 304 0
[INFO] django.server 2023-08-11 16:42:16,765 - basehttp 17783 : "GET /static/png/next.png HTTP/1.1" 304 0
[INFO] django.server 2023-08-11 16:42:16,765 - basehttp 17783 : "GET /static/png/close.png HTTP/1.1" 304 0
[INFO] django.server 2023-08-11 16:42:16,765 - basehttp 17783 : "GET /static/gif/loading.gif HTTP/1.1" 304 0
[INFO] django.server 2023-08-11 16:42:41,213 - basehttp 17783 : "GET /analytics/ HTTP/1.1" 200 27842
[INFO] django.server 2023-08-11 16:42:41,262 - basehttp 17783 : "GET /static/js/chart.js HTTP/1.1" 200 25453
[INFO] django.server 2023-08-11 16:42:41,263 - basehttp 17783 : "GET /static/css/feather.css HTTP/1.1" 304 0
[INFO] django.server 2023-08-11 16:42:41,263 - basehttp 17783 : "GET /static/css/themify-icons.css HTTP/1.1" 304 0
[INFO] django.server 2023-08-11 16:42:41,264 - basehttp 17783 : "GET /static/png/analytics-bg.png HTTP/1.1" 200 61696
[INFO] django.server 2023-08-11 16:42:41,264 - basehttp 17783 : "GET /static/css/style.css HTTP/1.1" 304 0
[INFO] django.server 2023-08-11 16:42:41,265 - basehttp 17783 : "GET /static/css/emoji.css HTTP/1.1" 304 0
[INFO] django.server 2023-08-11 16:42:41,266 - basehttp 17783 : "GET /static/js/apexcharts.min.js HTTP/1.1" 200 591308
[INFO] django.server 2023-08-11 16:42:41,266 - basehttp 17783 : "GET /static/css/lightbox.css HTTP/1.1" 304 0
[INFO] django.server 2023-08-11 16:42:41,304 - basehttp 17783 : "GET /static/js/plugin.js HTTP/1.1" 304 0
[INFO] django.server 2023-08-11 16:42:41,307 - basehttp 17783 : "GET /static/js/scripts.js HTTP/1.1" 304 0
[INFO] django.server 2023-08-11 16:42:41,308 - basehttp 17783 : "GET /static/django-browser-reload/reload-listener.js HTTP/1.1" 200 623
[INFO] django.server 2023-08-11 16:42:41,308 - basehttp 17783 : "GET /static/js/jquery.easypiechart.min.js HTTP/1.1" 304 0
[INFO] django.server 2023-08-11 16:42:41,313 - basehttp 17783 : "GET /static/vendor/owl-carousel/css/owl.carousel.min.css HTTP/1.1" 304 0
[INFO] django.server 2023-08-11 16:42:41,347 - basehttp 17783 : "GET /static/vendor/owl-carousel/css/owl.theme.default.css HTTP/1.1" 304 0
[INFO] django.server 2023-08-11 16:42:41,398 - basehttp 17783 : "GET /media/profile_images/leyla.jpg HTTP/1.1" 200 3767
[INFO] django.server 2023-08-11 16:42:41,399 - basehttp 17783 : "GET /static/svg/default_profile_image.svg HTTP/1.1" 200 220
[INFO] django.server 2023-08-11 16:42:41,399 - basehttp 17783 : "GET /media/profile_images/joey.jpg HTTP/1.1" 200 5615
[INFO] django.server 2023-08-11 16:42:41,399 - basehttp 17783 : "GET /media/profile_images/bob.jpg HTTP/1.1" 200 5616
[INFO] django.server 2023-08-11 16:42:41,402 - basehttp 17783 : "GET /media/profile_images/heather.jpg HTTP/1.1" 200 4440
[INFO] django.server 2023-08-11 16:42:41,402 - basehttp 17783 : "GET /media/profile_images/arj.jpg HTTP/1.1" 200 4881
[INFO] django.server 2023-08-11 16:42:41,407 - basehttp 17783 : "GET /static/svg/preloader.svg HTTP/1.1" 304 0
[INFO] django.server 2023-08-11 16:42:49,139 - basehttp 17783 : "GET /profile/7/ HTTP/1.1" 200 31951
[INFO] django.server 2023-08-11 16:42:49,185 - basehttp 17783 : "GET /static/png/cover_default.png HTTP/1.1" 304 0
[INFO] django.server 2023-08-11 16:42:49,185 - basehttp 17783 : "GET /static/js/lightbox.js HTTP/1.1" 304 0
[INFO] django.server 2023-08-11 16:42:49,215 - basehttp 17783 : "GET /static/png/prev.png HTTP/1.1" 304 0
[INFO] django.server 2023-08-11 16:42:49,216 - basehttp 17783 : "GET /static/png/next.png HTTP/1.1" 304 0
[INFO] django.server 2023-08-11 16:42:49,217 - basehttp 17783 : "GET /static/png/close.png HTTP/1.1" 304 0
[INFO] django.server 2023-08-11 16:42:49,217 - basehttp 17783 : "GET /static/gif/loading.gif HTTP/1.1" 304 0
[INFO] django.server 2023-08-11 16:42:53,941 - basehttp 17783 : "GET /home/ HTTP/1.1" 200 75927
[INFO] django.server 2023-08-11 16:42:53,997 - basehttp 17783 : "GET /media/post_images/books-436498_1280.jpg HTTP/1.1" 304 0
[INFO] django.server 2023-08-11 16:42:53,997 - basehttp 17783 : "GET /media/post_images/tianjin-2185510_1280.jpg HTTP/1.1" 304 0
[INFO] django.server 2023-08-11 16:42:53,997 - basehttp 17783 : "GET /media/post_images/RE4CSNW_1920x1080.jpg HTTP/1.1" 304 0
[INFO] django.server 2023-08-11 16:42:54,001 - basehttp 17783 : "GET /media/post_images/coffee-1117933_1280.jpg HTTP/1.1" 200 249491
[INFO] django.server 2023-08-11 16:43:22,867 - basehttp 17783 : "GET /create-post/ HTTP/1.1" 200 24210
[INFO] django.server 2023-08-11 16:43:22,916 - basehttp 17783 : "GET /static/js/lightbox.js HTTP/1.1" 304 0
[INFO] django.server 2023-08-11 16:43:22,916 - basehttp 17783 : "GET /static/js/scripts.js HTTP/1.1" 304 0
[INFO] django.server 2023-08-11 16:43:22,917 - basehttp 17783 : "GET /static/css/themify-icons.css HTTP/1.1" 304 0
[INFO] django.server 2023-08-11 16:43:22,918 - basehttp 17783 : "GET /static/django-browser-reload/reload-listener.js HTTP/1.1" 304 0
[INFO] django.server 2023-08-11 16:43:22,918 - basehttp 17783 : "GET /static/css/style.css HTTP/1.1" 304 0
[INFO] django.server 2023-08-11 16:43:22,919 - basehttp 17783 : "GET /static/js/plugin.js HTTP/1.1" 304 0
[INFO] django.server 2023-08-11 16:43:22,920 - basehttp 17783 : "GET /static/css/feather.css HTTP/1.1" 304 0
[INFO] django.server 2023-08-11 16:43:22,920 - basehttp 17783 : "GET /static/css/emoji.css HTTP/1.1" 304 0
[INFO] django.server 2023-08-11 16:43:22,921 - basehttp 17783 : "GET /static/css/lightbox.css HTTP/1.1" 304 0
[INFO] django.server 2023-08-11 16:43:22,930 - basehttp 17783 : "GET /static/vendor/owl-carousel/css/owl.carousel.min.css HTTP/1.1" 304 0
[INFO] django.server 2023-08-11 16:43:22,960 - basehttp 17783 : "GET /static/vendor/owl-carousel/css/owl.theme.default.css HTTP/1.1" 304 0
[INFO] django.server 2023-08-11 16:43:23,013 - basehttp 17783 : "GET /media/profile_images/arj.jpg HTTP/1.1" 200 4881
[INFO] django.server 2023-08-11 16:43:23,014 - basehttp 17783 : "GET /media/profile_images/joey.jpg HTTP/1.1" 200 5615
[INFO] django.server 2023-08-11 16:43:23,014 - basehttp 17783 : "GET /media/profile_images/leyla.jpg HTTP/1.1" 200 3767
[INFO] django.server 2023-08-11 16:43:23,014 - basehttp 17783 : "GET /media/profile_images/bob.jpg HTTP/1.1" 200 5616
[INFO] django.server 2023-08-11 16:43:23,015 - basehttp 17783 : "GET /media/profile_images/heather.jpg HTTP/1.1" 200 4440
[INFO] django.server 2023-08-11 16:43:23,016 - basehttp 17783 : "GET /static/svg/default_profile_image.svg HTTP/1.1" 200 220
[INFO] django.server 2023-08-11 16:43:23,021 - basehttp 17783 : "GET /static/svg/preloader.svg HTTP/1.1" 304 0
[INFO] django.server 2023-08-11 16:43:23,049 - basehttp 17783 : "GET /static/png/prev.png HTTP/1.1" 304 0
[INFO] django.server 2023-08-11 16:43:23,053 - basehttp 17783 : "GET /static/png/next.png HTTP/1.1" 304 0
[INFO] django.server 2023-08-11 16:43:23,061 - basehttp 17783 : "GET /static/gif/loading.gif HTTP/1.1" 304 0
[INFO] django.server 2023-08-11 16:43:23,061 - basehttp 17783 : "GET /static/png/close.png HTTP/1.1" 304 0
[INFO] django.server 2023-08-11 16:43:28,569 - basehttp 17783 : "GET /home/ HTTP/1.1" 200 75927
[INFO] django.server 2023-08-11 16:43:28,629 - basehttp 17783 : "GET /media/post_images/RE4CSNW_1920x1080.jpg HTTP/1.1" 304 0
[INFO] django.server 2023-08-11 16:43:28,630 - basehttp 17783 : "GET /media/post_images/books-436498_1280.jpg HTTP/1.1" 304 0
[INFO] django.server 2023-08-11 16:43:28,630 - basehttp 17783 : "GET /media/post_images/tianjin-2185510_1280.jpg HTTP/1.1" 304 0
[INFO] django.server 2023-08-11 16:43:28,631 - basehttp 17783 : "GET /media/post_images/coffee-1117933_1280.jpg HTTP/1.1" 304 0
[INFO] django.server 2023-08-11 16:45:55,141 - basehttp 17783 : "GET /profile/7/ HTTP/1.1" 200 31951
[INFO] django.server 2023-08-11 16:45:55,205 - basehttp 17783 : "GET /static/css/feather.css HTTP/1.1" 304 0
[INFO] django.server 2023-08-11 16:45:55,205 - basehttp 17783 : "GET /static/css/style.css HTTP/1.1" 304 0
[INFO] django.server 2023-08-11 16:45:55,205 - basehttp 17783 : "GET /static/css/themify-icons.css HTTP/1.1" 304 0
[INFO] django.server 2023-08-11 16:45:55,206 - basehttp 17783 : "GET /static/js/plugin.js HTTP/1.1" 304 0
[INFO] django.server 2023-08-11 16:45:55,206 - basehttp 17783 : "GET /static/css/emoji.css HTTP/1.1" 304 0
[INFO] django.server 2023-08-11 16:45:55,209 - basehttp 17783 : "GET /static/django-browser-reload/reload-listener.js HTTP/1.1" 200 623
[INFO] django.server 2023-08-11 16:45:55,209 - basehttp 17783 : "GET /static/js/lightbox.js HTTP/1.1" 304 0
[INFO] django.server 2023-08-11 16:45:55,209 - basehttp 17783 : "GET /static/css/lightbox.css HTTP/1.1" 304 0
[INFO] django.server 2023-08-11 16:45:55,210 - basehttp 17783 : "GET /static/js/scripts.js HTTP/1.1" 304 0
[INFO] django.server 2023-08-11 16:45:55,211 - basehttp 17783 : "GET /static/js/jquery.easypiechart.min.js HTTP/1.1" 304 0
[INFO] django.server 2023-08-11 16:45:55,247 - basehttp 17783 : "GET /static/vendor/owl-carousel/css/owl.carousel.min.css HTTP/1.1" 200 3351
[INFO] django.server 2023-08-11 16:45:55,250 - basehttp 17783 : "GET /static/vendor/owl-carousel/css/owl.theme.default.css HTTP/1.1" 304 0
[INFO] django.server 2023-08-11 16:45:55,303 - basehttp 17783 : "GET /static/png/cover_default.png HTTP/1.1" 304 0
[INFO] django.server 2023-08-11 16:45:55,304 - basehttp 17783 : "GET /media/profile_images/leyla.jpg HTTP/1.1" 200 3767
[INFO] django.server 2023-08-11 16:45:55,305 - basehttp 17783 : "GET /media/profile_images/heather.jpg HTTP/1.1" 200 4440
[INFO] django.server 2023-08-11 16:45:55,307 - basehttp 17783 : "GET /static/svg/default_profile_image.svg HTTP/1.1" 200 220
[INFO] django.server 2023-08-11 16:45:55,307 - basehttp 17783 : "GET /media/profile_images/joey.jpg HTTP/1.1" 200 5615
[INFO] django.server 2023-08-11 16:45:55,308 - basehttp 17783 : "GET /media/profile_images/bob.jpg HTTP/1.1" 200 5616
[INFO] django.server 2023-08-11 16:45:55,309 - basehttp 17783 : "GET /media/profile_images/arj.jpg HTTP/1.1" 200 4881
[INFO] django.server 2023-08-11 16:45:55,313 - basehttp 17783 : "GET /static/svg/preloader.svg HTTP/1.1" 304 0
[INFO] django.server 2023-08-11 16:45:55,343 - basehttp 17783 : "GET /static/png/prev.png HTTP/1.1" 304 0
[INFO] django.server 2023-08-11 16:45:55,347 - basehttp 17783 : "GET /static/png/next.png HTTP/1.1" 304 0
[INFO] django.server 2023-08-11 16:45:55,350 - basehttp 17783 : "GET /static/gif/loading.gif HTTP/1.1" 304 0
[INFO] django.server 2023-08-11 16:45:55,351 - basehttp 17783 : "GET /static/png/close.png HTTP/1.1" 304 0
[INFO] main.views 2023-08-11 16:45:59,436 - views 17783 : GET/POST (edit) profile for 7
[INFO] django.server 2023-08-11 16:45:59,452 - basehttp 17783 : "GET /edit-profile/7/ HTTP/1.1" 200 28059
[INFO] django.server 2023-08-11 16:45:59,494 - basehttp 17783 : "GET /static/ckeditor/ckeditor-init.js HTTP/1.1" 200 1526
[INFO] django.server 2023-08-11 16:45:59,496 - basehttp 17783 : "GET /static/ckeditor/ckeditor/ckeditor.js HTTP/1.1" 200 756028
[INFO] django.server 2023-08-11 16:45:59,599 - basehttp 17783 : "GET /static/ckeditor/ckeditor/config.js?t=M6K9 HTTP/1.1" 200 336
[INFO] django.server 2023-08-11 16:45:59,604 - basehttp 17783 : "GET /static/ckeditor/ckeditor/lang/en.js?t=M6K9 HTTP/1.1" 200 17503
[INFO] django.server 2023-08-11 16:45:59,604 - basehttp 17783 : "GET /static/ckeditor/ckeditor/skins/moono-lisa/editor_gecko.css?t=M6K9 HTTP/1.1" 200 48390
[INFO] django.server 2023-08-11 16:45:59,653 - basehttp 17783 : "GET /static/ckeditor/ckeditor/styles.js?t=M6K9 HTTP/1.1" 200 5577
[INFO] django.server 2023-08-11 16:45:59,701 - basehttp 17783 : "GET /static/ckeditor/ckeditor/plugins/autolink/plugin.js?t=M6K9 HTTP/1.1" 200 584
[INFO] django.server 2023-08-11 16:45:59,704 - basehttp 17783 : "GET /static/ckeditor/ckeditor/plugins/autoembed/plugin.js?t=M6K9 HTTP/1.1" 200 2334
[INFO] django.server 2023-08-11 16:45:59,704 - basehttp 17783 : "GET /static/ckeditor/ckeditor/plugins/embedsemantic/plugin.js?t=M6K9 HTTP/1.1" 200 1460
[INFO] django.server 2023-08-11 16:45:59,755 - basehttp 17783 : "GET /static/ckeditor/ckeditor/plugins/embedbase/plugin.js?t=M6K9 HTTP/1.1" 200 3405
[INFO] django.server 2023-08-11 16:45:59,806 - basehttp 17783 : "GET /static/ckeditor/ckeditor/plugins/scayt/skins/moono-lisa/scayt.css?t=M6K9 HTTP/1.1" 200 381
[INFO] django.server 2023-08-11 16:45:59,807 - basehttp 17783 : "GET /static/ckeditor/ckeditor/plugins/scayt/dialogs/dialog.css?t=M6K9 HTTP/1.1" 200 419
[INFO] django.server 2023-08-11 16:45:59,808 - basehttp 17783 : "GET /static/ckeditor/ckeditor/plugins/tableselection/styles/tableselection.css?t=M6K9 HTTP/1.1" 200 1145
[INFO] django.server 2023-08-11 16:45:59,809 - basehttp 17783 : "GET /static/ckeditor/ckeditor/plugins/embedbase/lang/en.js?t=M6K9 HTTP/1.1" 200 470
[INFO] django.server 2023-08-11 16:45:59,810 - basehttp 17783 : "GET /static/ckeditor/ckeditor/plugins/autoembed/lang/en.js?t=M6K9 HTTP/1.1" 200 164
[INFO] django.server 2023-08-11 16:45:59,858 - basehttp 17783 : "GET /static/ckeditor/ckeditor/plugins/copyformatting/styles/copyformatting.css?t=M6K9 HTTP/1.1" 200 1511
[INFO] django.server 2023-08-11 16:45:59,868 - basehttp 17783 : "GET /static/ckeditor/ckeditor/plugins/dialog/styles/dialog.css?t=M6K9 HTTP/1.1" 200 249
[INFO] django.server 2023-08-11 16:45:59,912 - basehttp 17783 : "GET /static/ckeditor/ckeditor/skins/moono-lisa/icons.png?t=445cf24ebd HTTP/1.1" 200 12237
[INFO] django.server 2023-08-11 16:45:59,913 - basehttp 17783 : "GET /static/ckeditor/ckeditor/contents.css?t=M6K9 HTTP/1.1" 200 3092
[INFO] django.server 2023-08-11 16:46:15,024 - basehttp 17783 : "GET /settings/ HTTP/1.1" 200 25368
[INFO] main.views 2023-08-11 16:46:30,826 - views 17783 : GET/POST (edit) address for 7
[INFO] django.server 2023-08-11 16:46:30,835 - basehttp 17783 : "GET /edit-address/ HTTP/1.1" 200 25743
[INFO] django.server 2023-08-11 16:48:40,071 - basehttp 17783 : "GET /settings/ HTTP/1.1" 200 25368
[INFO] django.server 2023-08-11 16:48:40,132 - basehttp 17783 : "GET /static/css/style.css HTTP/1.1" 304 0
[INFO] django.server 2023-08-11 16:48:40,132 - basehttp 17783 : "GET /static/css/feather.css HTTP/1.1" 304 0
[INFO] django.server 2023-08-11 16:48:40,133 - basehttp 17783 : "GET /static/css/themify-icons.css HTTP/1.1" 304 0
[INFO] django.server 2023-08-11 16:48:40,134 - basehttp 17783 : "GET /static/js/plugin.js HTTP/1.1" 304 0
[INFO] django.server 2023-08-11 16:48:40,136 - basehttp 17783 : "GET /static/css/emoji.css HTTP/1.1" 304 0
[INFO] django.server 2023-08-11 16:48:40,136 - basehttp 17783 : "GET /static/css/lightbox.css HTTP/1.1" 200 4352
[INFO] django.server 2023-08-11 16:48:40,137 - basehttp 17783 : "GET /static/js/scripts.js HTTP/1.1" 304 0
[INFO] django.server 2023-08-11 16:48:40,137 - basehttp 17783 : "GET /static/django-browser-reload/reload-listener.js HTTP/1.1" 200 623
[INFO] django.server 2023-08-11 16:48:40,139 - basehttp 17783 : "GET /media/profile_images/joey.jpg HTTP/1.1" 200 5615
[INFO] django.server 2023-08-11 16:48:40,139 - basehttp 17783 : "GET /media/profile_images/heather.jpg HTTP/1.1" 200 4440
[INFO] django.server 2023-08-11 16:48:40,181 - basehttp 17783 : "GET /static/vendor/owl-carousel/css/owl.theme.default.css HTTP/1.1" 200 1380
[INFO] django.server 2023-08-11 16:48:40,181 - basehttp 17783 : "GET /static/vendor/owl-carousel/css/owl.carousel.min.css HTTP/1.1" 200 3351
[INFO] django.server 2023-08-11 16:48:40,229 - basehttp 17783 : "GET /media/profile_images/bob.jpg HTTP/1.1" 200 5616
[INFO] django.server 2023-08-11 16:48:40,230 - basehttp 17783 : "GET /static/svg/default_profile_image.svg HTTP/1.1" 200 220
[INFO] django.server 2023-08-11 16:48:40,230 - basehttp 17783 : "GET /media/profile_images/leyla.jpg HTTP/1.1" 200 3767
[INFO] django.server 2023-08-11 16:48:40,230 - basehttp 17783 : "GET /media/profile_images/arj.jpg HTTP/1.1" 200 4881
[INFO] django.server 2023-08-11 16:48:40,238 - basehttp 17783 : "GET /static/svg/preloader.svg HTTP/1.1" 304 0
[INFO] django.server 2023-08-11 16:48:42,392 - basehttp 17783 : "GET /help/ HTTP/1.1" 200 39517
[INFO] django.server 2023-08-14 15:09:49,011 - basehttp 32209 : "GET / HTTP/1.1" 200 49542
[INFO] django.server 2023-08-14 15:09:49,150 - basehttp 32209 : "GET /static/css/lightbox.css HTTP/1.1" 200 4352
[INFO] django.server 2023-08-14 15:09:49,153 - basehttp 32209 : "GET /media/profile_images/bob.jpg HTTP/1.1" 200 5616
[INFO] django.server 2023-08-14 15:09:49,156 - basehttp 32209 : "GET /static/svg/default_profile_image.svg HTTP/1.1" 200 220
[INFO] django.server 2023-08-14 15:09:49,158 - basehttp 32209 : "GET /static/css/themify-icons.css HTTP/1.1" 304 0
[INFO] django.server 2023-08-14 15:09:49,160 - basehttp 32209 : "GET /media/profile_images/leyla.jpg HTTP/1.1" 200 3767
[INFO] django.server 2023-08-14 15:09:49,160 - basehttp 32209 : "GET /media/profile_images/arj.jpg HTTP/1.1" 200 4881
[INFO] django.server 2023-08-14 15:09:49,161 - basehttp 32209 : "GET /static/css/feather.css HTTP/1.1" 304 0
[INFO] django.server 2023-08-14 15:09:49,161 - basehttp 32209 : "GET /media/profile_images/heather.jpg HTTP/1.1" 200 4440
[INFO] django.server 2023-08-14 15:09:49,163 - basehttp 32209 : "GET /media/profile_images/joey.jpg HTTP/1.1" 200 5615
[INFO] django.server 2023-08-14 15:09:49,163 - basehttp 32209 : "GET /static/css/style.css HTTP/1.1" 304 0
[INFO] django.server 2023-08-14 15:09:49,164 - basehttp 32209 : "GET /static/css/emoji.css HTTP/1.1" 304 0
[INFO] django.server 2023-08-14 15:09:49,164 - basehttp 32209 : "GET /static/django-browser-reload/reload-listener.js HTTP/1.1" 200 623
[INFO] django.server 2023-08-14 15:09:49,196 - basehttp 32209 : "GET /static/js/plugin.js HTTP/1.1" 304 0
[INFO] django.server 2023-08-14 15:09:49,203 - basehttp 32209 : "GET /static/js/lightbox.js HTTP/1.1" 304 0
[INFO] django.server 2023-08-14 15:09:49,203 - basehttp 32209 : "GET /static/js/scripts.js HTTP/1.1" 304 0
[INFO] django.server 2023-08-14 15:09:49,207 - basehttp 32209 : "GET /media/post_images/books-436498_1280.jpg HTTP/1.1" 304 0
[INFO] django.server 2023-08-14 15:09:49,208 - basehttp 32209 : "GET /media/post_images/tianjin-2185510_1280.jpg HTTP/1.1" 304 0
[INFO] django.server 2023-08-14 15:09:49,210 - basehttp 32209 : "GET /media/post_images/RE4CSNW_1920x1080.jpg HTTP/1.1" 304 0
[INFO] django.server 2023-08-14 15:09:49,240 - basehttp 32209 : "GET /static/vendor/owl-carousel/css/owl.carousel.min.css HTTP/1.1" 200 3351
[INFO] django.server 2023-08-14 15:09:49,247 - basehttp 32209 : "GET /static/vendor/owl-carousel/css/owl.theme.default.css HTTP/1.1" 200 1380
[INFO] django.server 2023-08-14 15:09:49,882 - basehttp 32209 : "GET /media/post_images/coffee-1117933_1280.jpg HTTP/1.1" 200 249491
[INFO] django.server 2023-08-14 15:09:49,996 - basehttp 32209 : "GET /static/svg/preloader.svg HTTP/1.1" 200 686
[INFO] django.server 2023-08-14 15:09:50,019 - basehttp 32209 : "GET /static/fonts/Feather.ttf?sdxovp HTTP/1.1" 200 65112
[INFO] django.server 2023-08-14 15:09:50,023 - basehttp 32209 : "GET /static/fonts/themify.woff?-fvbane HTTP/1.1" 200 56108
[INFO] django.server 2023-08-14 15:09:50,042 - basehttp 32209 : "GET /static/gif/loading.gif HTTP/1.1" 304 0
[INFO] django.server 2023-08-14 15:09:50,043 - basehttp 32209 : "GET /static/png/prev.png HTTP/1.1" 200 1360
[INFO] django.server 2023-08-14 15:09:50,043 - basehttp 32209 : "GET /static/png/close.png HTTP/1.1" 304 0
[INFO] django.server 2023-08-14 15:09:50,043 - basehttp 32209 : "GET /static/png/next.png HTTP/1.1" 200 1350
[INFO] django.server 2023-08-14 15:09:50,056 - basehttp 32209 : "GET /static/django-browser-reload/reload-worker.js HTTP/1.1" 200 2711
[INFO] django.server 2023-08-14 15:10:01,187 - basehttp 32209 : "GET /home/ HTTP/1.1" 200 49542
[INFO] django.server 2023-08-14 15:10:03,104 - basehttp 32209 : "GET /all-profiles/ HTTP/1.1" 200 36961
[INFO] django.server 2023-08-14 15:10:04,458 - basehttp 32209 : "GET /profile/7/ HTTP/1.1" 200 30823
[INFO] django.server 2023-08-14 15:10:04,482 - basehttp 32209 : "GET /static/png/cover_default.png HTTP/1.1" 200 6435
[INFO] django.server 2023-08-14 15:10:04,489 - basehttp 32209 : "GET /static/js/jquery.easypiechart.min.js HTTP/1.1" 304 0
[INFO] django.server 2023-08-14 15:10:06,102 - basehttp 32209 : "GET /home/ HTTP/1.1" 200 49542
[INFO] django.server 2023-08-15 09:54:25,397 - basehttp 32209 : "GET /static/django-browser-reload/reload-worker.js HTTP/1.1" 200 2711
[INFO] django.server 2023-08-15 09:54:25,419 - basehttp 32209 : "GET /static/svg/zap.svg HTTP/1.1" 200 277
[INFO] django.server 2023-08-15 10:37:05,959 - basehttp 32209 : "GET /static/django-browser-reload/reload-listener.js HTTP/1.1" 200 623
[INFO] django.server 2023-08-15 10:37:52,885 - basehttp 32209 : "GET /static/css/lightbox.css HTTP/1.1" 200 4352
[INFO] django.server 2023-08-15 10:37:53,156 - basehttp 32209 : "GET /static/svg/zap.svg HTTP/1.1" 200 277
[INFO] django.server 2023-08-15 12:46:57,275 - basehttp 32209 : "GET /media/profile_images/arj.jpg HTTP/1.1" 200 4881
[INFO] django.server 2023-08-15 13:51:17,238 - basehttp 93539 : "GET /home/ HTTP/1.1" 200 49821
[INFO] django.server 2023-08-15 13:51:17,260 - basehttp 93539 : "GET /static/css/themify-icons.css HTTP/1.1" 304 0
[INFO] django.server 2023-08-15 13:51:17,261 - basehttp 93539 : "GET /static/css/feather.css HTTP/1.1" 304 0
[INFO] django.server 2023-08-15 13:51:17,262 - basehttp 93539 : "GET /static/js/plugin.js HTTP/1.1" 304 0
[INFO] django.server 2023-08-15 13:51:17,262 - basehttp 93539 : "GET /static/css/style.css HTTP/1.1" 304 0
[INFO] django.server 2023-08-15 13:51:17,265 - basehttp 93539 : "GET /static/css/emoji.css HTTP/1.1" 304 0
[INFO] django.server 2023-08-15 13:51:17,266 - basehttp 93539 : "GET /static/css/lightbox.css HTTP/1.1" 304 0
[INFO] django.server 2023-08-15 13:51:17,267 - basehttp 93539 : "GET /static/js/lightbox.js HTTP/1.1" 304 0
[INFO] django.server 2023-08-15 13:51:17,268 - basehttp 93539 : "GET /static/js/scripts.js HTTP/1.1" 304 0
[INFO] django.server 2023-08-15 13:51:17,268 - basehttp 93539 : "GET /static/vendor/owl-carousel/css/owl.carousel.min.css HTTP/1.1" 200 3351
[INFO] django.server 2023-08-15 13:51:17,268 - basehttp 93539 : "GET /static/django-browser-reload/reload-listener.js HTTP/1.1" 200 623
[INFO] django.server 2023-08-15 13:51:17,268 - basehttp 93539 : "GET /static/vendor/owl-carousel/css/owl.theme.default.css HTTP/1.1" 200 1380
[INFO] django.server 2023-08-15 13:51:17,315 - basehttp 93539 : "GET /media/post_images/books-436498_1280.jpg HTTP/1.1" 304 0
[INFO] django.server 2023-08-15 13:51:17,316 - basehttp 93539 : "GET /media/profile_images/bob.jpg HTTP/1.1" 200 5616
[INFO] django.server 2023-08-15 13:51:17,317 - basehttp 93539 : "GET /media/profile_images/heather.jpg HTTP/1.1" 200 4440
[INFO] django.server 2023-08-15 13:51:17,317 - basehttp 93539 : "GET /media/post_images/coffee-1117933_1280.jpg HTTP/1.1" 200 249491
[INFO] django.server 2023-08-15 13:51:17,335 - basehttp 93539 : "GET /media/post_images/tianjin-2185510_1280.jpg HTTP/1.1" 304 0
[INFO] django.server 2023-08-15 13:51:17,346 - basehttp 93539 : "GET /static/gif/loading.gif HTTP/1.1" 304 0
[INFO] django.server 2023-08-15 13:51:17,346 - basehttp 93539 : "GET /media/post_images/RE4CSNW_1920x1080.jpg HTTP/1.1" 304 0
[INFO] django.server 2023-08-15 13:51:17,359 - basehttp 93539 : "GET /static/svg/default_profile_image.svg HTTP/1.1" 200 220
[INFO] django.server 2023-08-15 13:51:17,371 - basehttp 93539 : "GET /static/svg/preloader.svg HTTP/1.1" 200 686
[INFO] django.server 2023-08-15 13:51:17,385 - basehttp 93539 : "GET /media/profile_images/leyla.jpg HTTP/1.1" 200 3767
[INFO] django.server 2023-08-15 13:51:17,405 - basehttp 93539 : "GET /media/profile_images/arj.jpg HTTP/1.1" 200 4881
[INFO] django.server 2023-08-15 13:51:17,409 - basehttp 93539 : "GET /media/profile_images/joey.jpg HTTP/1.1" 200 5615
[INFO] django.server 2023-08-15 13:51:17,422 - basehttp 93539 : "GET /static/png/prev.png HTTP/1.1" 304 0
[INFO] django.server 2023-08-15 13:51:17,435 - basehttp 93539 : "GET /static/png/next.png HTTP/1.1" 304 0
[INFO] django.server 2023-08-15 13:51:17,447 - basehttp 93539 : "GET /static/png/close.png HTTP/1.1" 304 0
[INFO] django.server 2023-08-15 17:10:18,863 - basehttp 97648 : "GET /home/ HTTP/1.1" 200 49821
[INFO] django.server 2023-08-15 17:10:30,024 - basehttp 97648 : "GET /profile/7/ HTTP/1.1" 200 31102
[INFO] django.server 2023-08-15 17:10:30,068 - basehttp 97648 : "GET /static/png/cover_default.png HTTP/1.1" 200 6435
[INFO] django.server 2023-08-15 17:10:30,068 - basehttp 97648 : "GET /static/js/jquery.easypiechart.min.js HTTP/1.1" 200 3990
[INFO] django.server 2023-08-15 17:31:28,833 - basehttp 102583 : "GET /profile/7/ HTTP/1.1" 200 31102
[INFO] django.server 2023-08-15 17:31:28,895 - basehttp 102583 : "GET /static/png/cover_default.png HTTP/1.1" 304 0
[INFO] django.server 2023-08-15 17:31:28,897 - basehttp 102583 : "GET /static/js/jquery.easypiechart.min.js HTTP/1.1" 304 0
[INFO] django.server 2023-08-24 13:54:41,461 - basehttp 50824 : "GET / HTTP/1.1" 302 0
[INFO] django.server 2023-08-24 13:54:41,533 - basehttp 50824 : "GET /login/?next=/ HTTP/1.1" 200 4507
[INFO] django.server 2023-08-24 13:54:41,605 - basehttp 50824 : "GET /static/css/themify-icons.css HTTP/1.1" 200 16474
[INFO] django.server 2023-08-24 13:54:41,605 - basehttp 50824 : "GET /static/css/feather.css HTTP/1.1" 200 13391
[INFO] django.server 2023-08-24 13:54:41,612 - basehttp 50824 : "GET /static/css/lightbox.css HTTP/1.1" 200 4352
[INFO] django.server 2023-08-24 13:54:41,614 - basehttp 50824 : "GET /static/css/style.css HTTP/1.1" 200 302860
[INFO] django.server 2023-08-24 13:54:41,618 - basehttp 50824 : "GET /static/css/emoji.css HTTP/1.1" 200 411332
[INFO] django.server 2023-08-24 13:54:41,620 - basehttp 50824 : "GET /static/js/plugin.js HTTP/1.1" 200 250710
[INFO] django.server 2023-08-24 13:54:41,623 - basehttp 50824 : "GET /static/js/scripts.js HTTP/1.1" 200 9730
[INFO] django.server 2023-08-24 13:54:41,639 - basehttp 50824 : "GET /static/django-browser-reload/reload-listener.js HTTP/1.1" 200 623
[INFO] django.server 2023-08-24 13:54:41,641 - basehttp 50824 : "GET /static/vendor/owl-carousel/css/owl.carousel.min.css HTTP/1.1" 200 3351
[INFO] django.server 2023-08-24 13:54:41,642 - basehttp 50824 : "GET /static/vendor/owl-carousel/css/owl.theme.default.css HTTP/1.1" 200 1380
[INFO] django.server 2023-08-24 13:54:41,978 - basehttp 50824 : "GET /static/svg/preloader.svg HTTP/1.1" 200 686
[INFO] django.server 2023-08-24 13:54:41,980 - basehttp 50824 : "GET /static/jpg/login-bg.jpg HTTP/1.1" 200 41173
[INFO] django.server 2023-08-24 13:54:41,995 - basehttp 50824 : "GET /static/fonts/themify.woff?-fvbane HTTP/1.1" 200 56108
[INFO] django.server 2023-08-24 13:54:41,997 - basehttp 50824 : "GET /static/fonts/Feather.ttf?sdxovp HTTP/1.1" 200 65112
[INFO] django.server 2023-08-24 13:54:41,997 - basehttp 50824 : "GET /static/django-browser-reload/reload-worker.js HTTP/1.1" 200 2711
[INFO] django.server 2023-08-24 13:54:42,223 - basehttp 50824 : "GET /static/svg/zap.svg HTTP/1.1" 200 277
[INFO] django.server 2023-08-24 13:55:21,833 - basehttp 50824 : "GET /register/ HTTP/1.1" 200 6448
[INFO] django.server 2023-08-24 13:55:21,856 - basehttp 50824 : "GET /static/css/themify-icons.css HTTP/1.1" 200 16474
[INFO] django.server 2023-08-24 13:55:21,858 - basehttp 50824 : "GET /static/css/lightbox.css HTTP/1.1" 200 4352
[INFO] django.server 2023-08-24 13:55:21,862 - basehttp 50824 : "GET /static/css/style.css HTTP/1.1" 200 302860
[INFO] django.server 2023-08-24 13:55:21,863 - basehttp 50824 : "GET /static/css/feather.css HTTP/1.1" 200 13391
[INFO] django.server 2023-08-24 13:55:21,864 - basehttp 50824 : "GET /static/css/emoji.css HTTP/1.1" 200 411332
[INFO] django.server 2023-08-24 13:55:21,874 - basehttp 50824 : "GET /static/django-browser-reload/reload-listener.js HTTP/1.1" 304 0
[INFO] django.server 2023-08-24 13:55:21,919 - basehttp 50824 : "GET /static/jpg/register-bg.jpg HTTP/1.1" 200 47139
[INFO] django.server 2023-08-24 13:55:21,922 - basehttp 50824 : "GET /static/django-browser-reload/reload-worker.js HTTP/1.1" 200 2711
[INFO] django.server 2023-08-24 13:55:47,250 - basehttp 50824 : "POST /register/ HTTP/1.1" 302 0
[INFO] django.server 2023-08-24 13:55:47,532 - basehttp 50824 : "GET / HTTP/1.1" 200 50551
[INFO] django.server 2023-08-24 13:55:47,599 - basehttp 50824 : "GET /static/svg/default_profile_image.svg HTTP/1.1" 200 220
[INFO] django.server 2023-08-24 13:55:47,603 - basehttp 50824 : "GET /media/profile_images/leyla.jpg HTTP/1.1" 200 3767
[INFO] django.server 2023-08-24 13:55:47,612 - basehttp 50824 : "GET /static/js/lightbox.js HTTP/1.1" 200 20097
[INFO] django.server 2023-08-24 13:55:47,614 - basehttp 50824 : "GET /media/profile_images/arj.jpg HTTP/1.1" 200 4881
[INFO] django.server 2023-08-24 13:55:47,621 - basehttp 50824 : "GET /media/post_images/books-436498_1280.jpg HTTP/1.1" 200 264819
[INFO] django.server 2023-08-24 13:55:47,622 - basehttp 50824 : "GET /media/post_images/tianjin-2185510_1280.jpg HTTP/1.1" 200 267061
[INFO] django.server 2023-08-24 13:55:47,623 - basehttp 50824 : "GET /media/profile_images/joey.jpg HTTP/1.1" 200 5615
[INFO] django.server 2023-08-24 13:55:47,626 - basehttp 50824 : "GET /media/profile_images/heather.jpg HTTP/1.1" 200 4440
[INFO] django.server 2023-08-24 13:55:47,634 - basehttp 50824 : "GET /media/profile_images/bob.jpg HTTP/1.1" 200 5616
[INFO] django.server 2023-08-24 13:55:47,643 - basehttp 50824 : "GET /media/post_images/RE4CSNW_1920x1080.jpg HTTP/1.1" 200 845866
[INFO] django.server 2023-08-24 13:55:47,648 - basehttp 50824 : "GET /static/django-browser-reload/reload-listener.js HTTP/1.1" 304 0
[INFO] django.server 2023-08-24 13:55:47,653 - basehttp 50824 : "GET /media/post_images/coffee-1117933_1280.jpg HTTP/1.1" 200 249491
[INFO] django.server 2023-08-24 13:55:47,691 - basehttp 50824 : "GET /static/django-browser-reload/reload-worker.js HTTP/1.1" 200 2711
[INFO] django.server 2023-08-24 13:55:47,696 - basehttp 50824 : "GET /static/png/prev.png HTTP/1.1" 200 1360
[INFO] django.server 2023-08-24 13:55:47,698 - basehttp 50824 : "GET /static/png/close.png HTTP/1.1" 200 280
[INFO] django.server 2023-08-24 13:55:47,700 - basehttp 50824 : "GET /static/gif/loading.gif HTTP/1.1" 200 8476
[INFO] django.server 2023-08-24 13:55:47,702 - basehttp 50824 : "GET /static/png/next.png HTTP/1.1" 200 1350
[INFO] django.server 2023-08-24 14:02:26,698 - basehttp 50824 : "GET / HTTP/1.1" 302 0
[INFO] django.server 2023-08-24 14:02:26,752 - basehttp 50824 : "GET /login/?next=/ HTTP/1.1" 200 4507
[INFO] django.server 2023-08-24 14:02:26,797 - basehttp 50824 : "GET /static/css/feather.css HTTP/1.1" 200 13391
[INFO] django.server 2023-08-24 14:02:26,799 - basehttp 50824 : "GET /static/css/style.css HTTP/1.1" 200 302860
[INFO] django.server 2023-08-24 14:02:26,806 - basehttp 50824 : "GET /static/css/themify-icons.css HTTP/1.1" 200 16474
[INFO] django.server 2023-08-24 14:02:26,808 - basehttp 50824 : "GET /static/css/emoji.css HTTP/1.1" 200 411332
[INFO] django.server 2023-08-24 14:02:26,810 - basehttp 50824 : "GET /static/js/plugin.js HTTP/1.1" 200 250710
[INFO] django.server 2023-08-24 14:02:26,811 - basehttp 50824 : "GET /static/css/lightbox.css HTTP/1.1" 200 4352
[INFO] django.server 2023-08-24 14:02:26,829 - basehttp 50824 : "GET /static/js/scripts.js HTTP/1.1" 200 9730
[INFO] django.server 2023-08-24 14:02:26,831 - basehttp 50824 : "GET /static/django-browser-reload/reload-listener.js HTTP/1.1" 200 623
[INFO] django.server 2023-08-24 14:02:26,837 - basehttp 50824 : "GET /static/vendor/owl-carousel/css/owl.carousel.min.css HTTP/1.1" 200 3351
[INFO] django.server 2023-08-24 14:02:26,840 - basehttp 50824 : "GET /static/vendor/owl-carousel/css/owl.theme.default.css HTTP/1.1" 200 1380
[INFO] django.server 2023-08-24 14:02:27,413 - basehttp 50824 : "GET /static/svg/preloader.svg HTTP/1.1" 200 686
[INFO] django.server 2023-08-24 14:02:27,441 - basehttp 50824 : "GET /static/fonts/Feather.ttf?sdxovp HTTP/1.1" 200 65112
[INFO] django.server 2023-08-24 14:02:27,443 - basehttp 50824 : "GET /static/fonts/themify.woff?-fvbane HTTP/1.1" 200 56108
[INFO] django.server 2023-08-24 14:02:27,444 - basehttp 50824 : "GET /static/django-browser-reload/reload-worker.js HTTP/1.1" 200 2711
[INFO] django.server 2023-08-24 14:02:27,710 - basehttp 50824 : "GET /static/svg/zap.svg HTTP/1.1" 200 277
[INFO] django.server 2023-08-24 14:02:36,369 - basehttp 50824 : "POST /login/?next=/ HTTP/1.1" 302 0
[INFO] django.server 2023-08-24 14:02:36,608 - basehttp 50824 : "GET / HTTP/1.1" 200 50551
[INFO] django.server 2023-08-24 14:02:36,666 - basehttp 50824 : "GET /static/js/lightbox.js HTTP/1.1" 200 20097
[INFO] django.server 2023-08-24 14:02:36,669 - basehttp 50824 : "GET /static/svg/default_profile_image.svg HTTP/1.1" 200 220
[INFO] django.server 2023-08-24 14:02:36,701 - basehttp 50824 : "GET /media/profile_images/leyla.jpg HTTP/1.1" 200 3767
[INFO] django.server 2023-08-24 14:02:36,703 - basehttp 50824 : "GET /media/profile_images/arj.jpg HTTP/1.1" 200 4881
[INFO] django.server 2023-08-24 14:02:36,704 - basehttp 50824 : "GET /media/profile_images/joey.jpg HTTP/1.1" 200 5615
[INFO] django.server 2023-08-24 14:02:36,706 - basehttp 50824 : "GET /media/post_images/tianjin-2185510_1280.jpg HTTP/1.1" 200 267061
[INFO] django.server 2023-08-24 14:02:36,709 - basehttp 50824 : "GET /media/post_images/books-436498_1280.jpg HTTP/1.1" 200 264819
[INFO] django.server 2023-08-24 14:02:36,727 - basehttp 50824 : "GET /media/profile_images/heather.jpg HTTP/1.1" 200 4440
[INFO] django.server 2023-08-24 14:02:36,729 - basehttp 50824 : "GET /media/post_images/RE4CSNW_1920x1080.jpg HTTP/1.1" 200 845866
[INFO] django.server 2023-08-24 14:02:36,730 - basehttp 50824 : "GET /media/profile_images/bob.jpg HTTP/1.1" 200 5616
[INFO] django.server 2023-08-24 14:02:36,733 - basehttp 50824 : "GET /media/post_images/coffee-1117933_1280.jpg HTTP/1.1" 200 249491
[INFO] django.server 2023-08-24 14:02:36,810 - basehttp 50824 : "GET /static/png/prev.png HTTP/1.1" 200 1360
[INFO] django.server 2023-08-24 14:02:36,811 - basehttp 50824 : "GET /static/png/next.png HTTP/1.1" 200 1350
[INFO] django.server 2023-08-24 14:02:36,814 - basehttp 50824 : "GET /static/gif/loading.gif HTTP/1.1" 200 8476
[INFO] django.server 2023-08-24 14:02:36,816 - basehttp 50824 : "GET /static/png/close.png HTTP/1.1" 200 280
[INFO] django.server 2023-08-24 14:05:17,200 - basehttp 50824 : "GET / HTTP/1.1" 200 50551
[INFO] django.server 2023-08-24 14:05:17,245 - basehttp 50824 : "GET /static/django-browser-reload/reload-listener.js HTTP/1.1" 304 0
[INFO] django.server 2023-08-24 14:05:17,283 - basehttp 50824 : "GET /static/django-browser-reload/reload-worker.js HTTP/1.1" 200 2711
[INFO] django.server 2023-08-24 14:10:28,245 - basehttp 50824 : "GET /home/ HTTP/1.1" 200 50551
[INFO] django.server 2023-08-24 14:10:28,295 - basehttp 50824 : "GET /static/django-browser-reload/reload-listener.js HTTP/1.1" 304 0
[INFO] django.server 2023-08-24 14:10:30,636 - basehttp 50824 : "GET /all-profiles/ HTTP/1.1" 200 40151
[INFO] django.server 2023-08-24 14:10:43,787 - basehttp 50824 : "GET /profile/1/ HTTP/1.1" 200 35569
[INFO] django.server 2023-08-24 14:10:43,811 - basehttp 50824 : "GET /static/js/jquery.easypiechart.min.js HTTP/1.1" 200 3990
[INFO] django.server 2023-08-24 14:10:43,835 - basehttp 50824 : "GET /media/cover_images/RE4NXnV_1920x1080.jpg HTTP/1.1" 200 813080
[INFO] django.server 2023-08-24 14:10:43,881 - basehttp 50824 : "GET /static/django-browser-reload/reload-worker.js HTTP/1.1" 200 2711
[INFO] django.server 2023-09-08 13:40:51,150 - basehttp 4154716 : "GET /home/ HTTP/1.1" 302 0
[INFO] django.server 2023-09-08 13:40:51,284 - basehttp 4154716 : "GET /login/?next=/home/ HTTP/1.1" 200 4507
[INFO] django.server 2023-09-08 13:40:51,341 - basehttp 4154716 : "GET /static/css/themify-icons.css HTTP/1.1" 200 16474
[INFO] django.server 2023-09-08 13:40:51,345 - basehttp 4154716 : "GET /static/css/feather.css HTTP/1.1" 200 13391
[INFO] django.server 2023-09-08 13:40:51,350 - basehttp 4154716 : "GET /static/css/lightbox.css HTTP/1.1" 200 4352
[INFO] django.server 2023-09-08 13:40:51,352 - basehttp 4154716 : "GET /static/css/emoji.css HTTP/1.1" 200 411332
[INFO] django.server 2023-09-08 13:40:51,353 - basehttp 4154716 : "GET /static/css/style.css HTTP/1.1" 200 302860
[INFO] django.server 2023-09-08 13:40:51,359 - basehttp 4154716 : "GET /static/js/plugin.js HTTP/1.1" 200 250710
[INFO] django.server 2023-09-08 13:40:51,385 - basehttp 4154716 : "GET /static/js/scripts.js HTTP/1.1" 200 9730
[INFO] django.server 2023-09-08 13:40:51,390 - basehttp 4154716 : "GET /static/django-browser-reload/reload-listener.js HTTP/1.1" 200 623
[INFO] django.server 2023-09-08 13:40:51,396 - basehttp 4154716 : "GET /static/vendor/owl-carousel/css/owl.carousel.min.css HTTP/1.1" 200 3351
[INFO] django.server 2023-09-08 13:40:51,406 - basehttp 4154716 : "GET /static/vendor/owl-carousel/css/owl.theme.default.css HTTP/1.1" 200 1380
[INFO] django.server 2023-09-08 13:40:52,008 - basehttp 4154716 : "GET /static/svg/preloader.svg HTTP/1.1" 200 686
[INFO] django.server 2023-09-08 13:40:52,011 - basehttp 4154716 : "GET /static/jpg/login-bg.jpg HTTP/1.1" 200 41173
[INFO] django.server 2023-09-08 13:40:52,058 - basehttp 4154716 : "GET /static/fonts/Feather.ttf?sdxovp HTTP/1.1" 200 65112
[INFO] django.server 2023-09-08 13:40:52,060 - basehttp 4154716 : "GET /static/fonts/themify.woff?-fvbane HTTP/1.1" 200 56108
[INFO] django.server 2023-09-08 13:40:52,063 - basehttp 4154716 : "GET /static/django-browser-reload/reload-worker.js HTTP/1.1" 200 2711
[INFO] django.server 2023-09-08 13:40:52,295 - basehttp 4154716 : "GET /static/svg/zap.svg HTTP/1.1" 200 277
[INFO] django.server 2023-09-08 13:41:05,983 - basehttp 4154716 : "GET /login/?next=/home/ HTTP/1.1" 200 4507
[DEBUG] authentication.views 2023-09-08 13:42:49,256 - views 4154716 : <QueryDict: {'csrfmiddlewaretoken': ['NI9NRllzR5z4mgyT7GjaZJfNGFhGoxDahzDq5Be6c2CGlNax3KDYSsBaMig0k9dK'], 'username': ['jth141'], 'password': ['Password1!']}>
[INFO] django.server 2023-09-08 13:42:49,259 - basehttp 4154716 : "POST /login/?next=/home/ HTTP/1.1" 200 4522
[INFO] django.server 2023-09-08 13:42:49,288 - basehttp 4154716 : "GET /static/css/themify-icons.css HTTP/1.1" 304 0
[INFO] django.server 2023-09-08 13:42:49,289 - basehttp 4154716 : "GET /static/css/lightbox.css HTTP/1.1" 304 0
[INFO] django.server 2023-09-08 13:42:49,291 - basehttp 4154716 : "GET /static/css/emoji.css HTTP/1.1" 304 0
[INFO] django.server 2023-09-08 13:42:49,293 - basehttp 4154716 : "GET /static/css/feather.css HTTP/1.1" 304 0
[INFO] django.server 2023-09-08 13:42:49,294 - basehttp 4154716 : "GET /static/js/plugin.js HTTP/1.1" 304 0
[INFO] django.server 2023-09-08 13:42:49,297 - basehttp 4154716 : "GET /static/css/style.css HTTP/1.1" 200 302860
[INFO] django.server 2023-09-08 13:42:49,302 - basehttp 4154716 : "GET /static/js/scripts.js HTTP/1.1" 304 0
[INFO] django.server 2023-09-08 13:42:49,311 - basehttp 4154716 : "GET /static/django-browser-reload/reload-listener.js HTTP/1.1" 304 0
[INFO] django.server 2023-09-08 13:42:49,318 - basehttp 4154716 : "GET /static/vendor/owl-carousel/css/owl.carousel.min.css HTTP/1.1" 304 0
[INFO] django.server 2023-09-08 13:42:49,318 - basehttp 4154716 : "GET /static/vendor/owl-carousel/css/owl.theme.default.css HTTP/1.1" 304 0
[INFO] django.server 2023-09-08 13:42:49,342 - basehttp 4154716 : "GET /static/jpg/login-bg.jpg HTTP/1.1" 304 0
[INFO] django.server 2023-09-08 13:42:49,342 - basehttp 4154716 : "GET /static/svg/preloader.svg HTTP/1.1" 304 0
[INFO] django.server 2023-09-08 13:42:49,349 - basehttp 4154716 : "GET /static/django-browser-reload/reload-worker.js HTTP/1.1" 200 2711
[INFO] django.server 2023-09-08 13:43:59,619 - basehttp 4154716 : "GET /register/ HTTP/1.1" 200 6448
[INFO] django.server 2023-09-08 13:43:59,679 - basehttp 4154716 : "GET /static/jpg/register-bg.jpg HTTP/1.1" 200 47139
[INFO] django.server 2023-09-08 13:44:10,420 - basehttp 4154716 : "GET /login/?next=/home/ HTTP/1.1" 200 4507
[INFO] django.server 2023-09-08 13:44:10,446 - basehttp 4154716 : "GET /static/css/themify-icons.css HTTP/1.1" 200 16474
[INFO] django.server 2023-09-08 13:44:10,449 - basehttp 4154716 : "GET /static/css/emoji.css HTTP/1.1" 200 411332
[INFO] django.server 2023-09-08 13:44:10,450 - basehttp 4154716 : "GET /static/css/feather.css HTTP/1.1" 200 13391
[INFO] django.server 2023-09-08 13:44:10,451 - basehttp 4154716 : "GET /static/css/lightbox.css HTTP/1.1" 200 4352
[INFO] django.server 2023-09-08 13:44:10,454 - basehttp 4154716 : "GET /static/js/plugin.js HTTP/1.1" 200 250710
[INFO] django.server 2023-09-08 13:44:10,456 - basehttp 4154716 : "GET /static/js/scripts.js HTTP/1.1" 200 9730
[INFO] django.server 2023-09-08 13:44:10,488 - basehttp 4154716 : "GET /static/django-browser-reload/reload-listener.js HTTP/1.1" 200 623
[INFO] django.server 2023-09-08 13:44:10,489 - basehttp 4154716 : "GET /static/vendor/owl-carousel/css/owl.theme.default.css HTTP/1.1" 200 1380
[INFO] django.server 2023-09-08 13:44:10,491 - basehttp 4154716 : "GET /static/vendor/owl-carousel/css/owl.carousel.min.css HTTP/1.1" 200 3351
[INFO] django.server 2023-09-08 13:44:10,823 - basehttp 4154716 : "GET /static/jpg/login-bg.jpg HTTP/1.1" 200 41173
[INFO] django.server 2023-09-08 13:44:10,825 - basehttp 4154716 : "GET /static/svg/preloader.svg HTTP/1.1" 200 686
[INFO] django.server 2023-09-08 13:44:10,826 - basehttp 4154716 : "GET /static/fonts/themify.woff?-fvbane HTTP/1.1" 200 56108
[INFO] django.server 2023-09-08 13:44:10,827 - basehttp 4154716 : "GET /static/fonts/Feather.ttf?sdxovp HTTP/1.1" 200 65112
[DEBUG] authentication.views 2023-09-08 13:44:15,429 - views 4154716 : <QueryDict: {'csrfmiddlewaretoken': ['DWGUrTdcfJrVwndIi6LNKJpWGfD7ZZAV7NaxF96JAGuxvUPmea5BDsLjMSCrVBav'], 'username': ['jth141'], 'password': ['Password1!']}>
[INFO] django.server 2023-09-08 13:44:15,430 - basehttp 4154716 : "POST /login/?next=/home/ HTTP/1.1" 200 4522
[INFO] django.server 2023-09-08 13:44:17,021 - basehttp 4154716 : "GET /register/ HTTP/1.1" 200 6448
[INFO] django.server 2023-09-08 13:44:41,119 - basehttp 4154716 : "POST /register/ HTTP/1.1" 302 0
[INFO] django.server 2023-09-08 13:44:41,393 - basehttp 4154716 : "GET / HTTP/1.1" 200 51280
[INFO] django.server 2023-09-08 13:44:41,422 - basehttp 4154716 : "GET /static/js/lightbox.js HTTP/1.1" 200 20097
[INFO] django.server 2023-09-08 13:44:41,459 - basehttp 4154716 : "GET /static/svg/default_profile_image.svg HTTP/1.1" 200 220
[INFO] django.server 2023-09-08 13:44:41,463 - basehttp 4154716 : "GET /media/profile_images/arj.jpg HTTP/1.1" 200 4881
[INFO] django.server 2023-09-08 13:44:41,464 - basehttp 4154716 : "GET /media/profile_images/leyla.jpg HTTP/1.1" 200 3767
[INFO] django.server 2023-09-08 13:44:41,465 - basehttp 4154716 : "GET /media/profile_images/joey.jpg HTTP/1.1" 200 5615
[INFO] django.server 2023-09-08 13:44:41,476 - basehttp 4154716 : "GET /media/post_images/books-436498_1280.jpg HTTP/1.1" 200 264819
[INFO] django.server 2023-09-08 13:44:41,477 - basehttp 4154716 : "GET /media/post_images/tianjin-2185510_1280.jpg HTTP/1.1" 200 267061
[INFO] django.server 2023-09-08 13:44:41,482 - basehttp 4154716 : "GET /media/profile_images/heather.jpg HTTP/1.1" 200 4440
[INFO] django.server 2023-09-08 13:44:41,496 - basehttp 4154716 : "GET /media/profile_images/bob.jpg HTTP/1.1" 200 5616
[INFO] django.server 2023-09-08 13:44:41,500 - basehttp 4154716 : "GET /media/post_images/coffee-1117933_1280.jpg HTTP/1.1" 200 249491
[INFO] django.server 2023-09-08 13:44:41,506 - basehttp 4154716 : "GET /media/post_images/RE4CSNW_1920x1080.jpg HTTP/1.1" 200 845866
[INFO] django.server 2023-09-08 13:44:41,580 - basehttp 4154716 : "GET /static/django-browser-reload/reload-worker.js HTTP/1.1" 200 2711
[INFO] django.server 2023-09-08 13:44:41,582 - basehttp 4154716 : "GET /static/png/close.png HTTP/1.1" 200 280
[INFO] django.server 2023-09-08 13:44:41,583 - basehttp 4154716 : "GET /static/png/prev.png HTTP/1.1" 200 1360
[INFO] django.server 2023-09-08 13:44:41,584 - basehttp 4154716 : "GET /static/png/next.png HTTP/1.1" 200 1350
[INFO] django.server 2023-09-08 13:44:41,587 - basehttp 4154716 : "GET /static/gif/loading.gif HTTP/1.1" 200 8476
[INFO] django.server 2023-09-08 13:46:37,495 - basehttp 4154716 : "GET /debug-settings HTTP/1.1" 301 0
[INFO] django.server 2023-09-08 13:46:37,519 - basehttp 4154716 : "GET /debug-settings/ HTTP/1.1" 200 949
[INFO] django.server 2023-09-08 13:46:37,541 - basehttp 4154716 : "GET /static/css/lightbox.css HTTP/1.1" 304 0
[INFO] django.server 2023-09-08 13:46:37,544 - basehttp 4154716 : "GET /static/css/feather.css HTTP/1.1" 304 0
[INFO] django.server 2023-09-08 13:46:37,544 - basehttp 4154716 : "GET /static/css/themify-icons.css HTTP/1.1" 304 0
[INFO] django.server 2023-09-08 13:46:37,545 - basehttp 4154716 : "GET /static/css/style.css HTTP/1.1" 200 302860
[INFO] django.server 2023-09-08 13:46:37,552 - basehttp 4154716 : "GET /static/css/emoji.css HTTP/1.1" 304 0
[INFO] django.server 2023-09-08 13:46:37,567 - basehttp 4154716 : "GET /static/django-browser-reload/reload-listener.js HTTP/1.1" 304 0
[INFO] django.server 2023-09-08 13:46:37,568 - basehttp 4154716 : "GET /static/vendor/owl-carousel/css/owl.carousel.min.css HTTP/1.1" 304 0
[INFO] django.server 2023-09-08 13:46:37,568 - basehttp 4154716 : "GET /static/vendor/owl-carousel/css/owl.theme.default.css HTTP/1.1" 304 0
[INFO] django.server 2023-09-08 13:46:58,237 - basehttp 4154716 : "GET /debug-settings/ HTTP/1.1" 200 949
[INFO] django.server 2023-09-08 13:46:58,306 - basehttp 4154716 : "GET /static/django-browser-reload/reload-worker.js HTTP/1.1" 200 2711
[INFO] django.server 2023-09-08 13:46:58,316 - basehttp 4154716 : "GET /static/svg/zap.svg HTTP/1.1" 200 277
[INFO] django.server 2023-09-08 13:48:14,407 - basehttp 4154716 : "GET /debug-settings/ HTTP/1.1" 200 949
[INFO] django.server 2023-09-08 13:50:17,054 - basehttp 4154716 : "GET /debug-settings/ HTTP/1.1" 200 8273
[INFO] django.server 2023-09-08 13:50:43,422 - basehttp 4154716 : "GET /debug-settings/ HTTP/1.1" 200 8273
[WARNING] django.request 2023-09-08 13:50:43,507 - log 4154716 : Not Found: /favicon.ico
[WARNING] django.server 2023-09-08 13:50:43,507 - basehttp 4154716 : "GET /favicon.ico HTTP/1.1" 404 5607
[INFO] django.server 2023-09-08 13:50:53,713 - basehttp 4154716 : "GET /static/css/feather.css HTTP/1.1" 304 0
[INFO] django.server 2023-09-08 13:50:53,714 - basehttp 4154716 : "GET /static/css/themify-icons.css HTTP/1.1" 304 0
[INFO] django.server 2023-09-08 13:50:53,718 - basehttp 4154716 : "GET /static/vendor/owl-carousel/css/owl.carousel.min.css HTTP/1.1" 304 0
[INFO] django.server 2023-09-08 13:50:53,718 - basehttp 4154716 : "GET /static/vendor/owl-carousel/css/owl.theme.default.css HTTP/1.1" 304 0
[INFO] django.server 2023-09-08 13:50:53,718 - basehttp 4154716 : "GET /static/css/emoji.css HTTP/1.1" 304 0
[INFO] django.server 2023-09-08 13:50:53,719 - basehttp 4154716 : "GET /static/css/style.css HTTP/1.1" 200 302860
[INFO] django.server 2023-09-08 13:50:53,728 - basehttp 4154716 : "GET /static/css/lightbox.css HTTP/1.1" 304 0
[WARNING] django.server 2023-09-08 13:50:53,795 - basehttp 4154716 : "GET /static/css/style.css.map HTTP/1.1" 404 1810
[INFO] django.server 2023-09-08 13:50:58,980 - basehttp 4154716 : "GET /debug-settings/ HTTP/1.1" 200 949
[INFO] django.server 2023-09-08 13:50:59,000 - basehttp 4154716 : "GET /static/django-browser-reload/reload-listener.js HTTP/1.1" 304 0
[INFO] django.server 2023-09-08 13:50:59,049 - basehttp 4154716 : "GET /static/django-browser-reload/reload-worker.js HTTP/1.1" 200 2711
[WARNING] django.server 2023-09-08 13:50:59,082 - basehttp 4154716 : "GET /static/css/style.css.map HTTP/1.1" 404 1810
[INFO] django.server 2023-09-08 13:53:04,430 - basehttp 4154716 : "GET /debug-settings/ HTTP/1.1" 200 8273
[INFO] django.server 2023-09-08 14:28:58,734 - basehttp 17110 : "GET / HTTP/1.1" 200 51280
[INFO] django.server 2023-09-08 14:28:58,765 - basehttp 17110 : "GET /static/css/themify-icons.css HTTP/1.1" 200 16474
[INFO] django.server 2023-09-08 14:28:58,767 - basehttp 17110 : "GET /static/css/feather.css HTTP/1.1" 200 13391
[INFO] django.server 2023-09-08 14:28:58,768 - basehttp 17110 : "GET /static/css/emoji.css HTTP/1.1" 200 411332
[INFO] django.server 2023-09-08 14:28:58,770 - basehttp 17110 : "GET /static/css/style.css HTTP/1.1" 200 302860
[INFO] django.server 2023-09-08 14:28:58,771 - basehttp 17110 : "GET /static/css/lightbox.css HTTP/1.1" 200 4352
[INFO] django.server 2023-09-08 14:28:58,797 - basehttp 17110 : "GET /static/js/lightbox.js HTTP/1.1" 200 20097
[INFO] django.server 2023-09-08 14:28:58,799 - basehttp 17110 : "GET /static/js/plugin.js HTTP/1.1" 200 250710
[INFO] django.server 2023-09-08 14:28:58,800 - basehttp 17110 : "GET /static/js/scripts.js HTTP/1.1" 200 9730
[INFO] django.server 2023-09-08 14:28:58,804 - basehttp 17110 : "GET /static/svg/default_profile_image.svg HTTP/1.1" 200 220
[INFO] django.server 2023-09-08 14:28:58,804 - basehttp 17110 : "GET /media/profile_images/leyla.jpg HTTP/1.1" 200 3767
[INFO] django.server 2023-09-08 14:28:58,807 - basehttp 17110 : "GET /media/post_images/books-436498_1280.jpg HTTP/1.1" 200 264819
[INFO] django.server 2023-09-08 14:28:58,820 - basehttp 17110 : "GET /static/vendor/owl-carousel/css/owl.carousel.min.css HTTP/1.1" 200 3351
[INFO] django.server 2023-09-08 14:28:58,822 - basehttp 17110 : "GET /static/vendor/owl-carousel/css/owl.theme.default.css HTTP/1.1" 200 1380
[INFO] django.server 2023-09-08 14:28:58,829 - basehttp 17110 : "GET /media/profile_images/arj.jpg HTTP/1.1" 200 4881
[INFO] django.server 2023-09-08 14:28:58,829 - basehttp 17110 : "GET /media/profile_images/joey.jpg HTTP/1.1" 200 5615
[INFO] django.server 2023-09-08 14:28:58,832 - basehttp 17110 : "GET /media/post_images/tianjin-2185510_1280.jpg HTTP/1.1" 200 267061
[INFO] django.server 2023-09-08 14:28:58,834 - basehttp 17110 : "GET /media/profile_images/heather.jpg HTTP/1.1" 200 4440
[INFO] django.server 2023-09-08 14:28:58,842 - basehttp 17110 : "GET /media/profile_images/bob.jpg HTTP/1.1" 200 5616
[INFO] django.server 2023-09-08 14:28:58,843 - basehttp 17110 : "GET /media/post_images/RE4CSNW_1920x1080.jpg HTTP/1.1" 200 845866
[INFO] django.server 2023-09-08 14:28:58,849 - basehttp 17110 : "GET /media/post_images/coffee-1117933_1280.jpg HTTP/1.1" 200 249491
[INFO] django.server 2023-09-08 14:28:58,851 - basehttp 17110 : "GET /static/django-browser-reload/reload-listener.js HTTP/1.1" 200 623
[INFO] django.server 2023-09-08 14:28:59,230 - basehttp 17110 : "GET /static/svg/preloader.svg HTTP/1.1" 200 686
[INFO] django.server 2023-09-08 14:28:59,233 - basehttp 17110 : "GET /static/fonts/Feather.ttf?sdxovp HTTP/1.1" 200 65112
[INFO] django.server 2023-09-08 14:28:59,235 - basehttp 17110 : "GET /static/fonts/themify.woff?-fvbane HTTP/1.1" 200 56108
[INFO] django.server 2023-09-08 14:28:59,283 - basehttp 17110 : "GET /static/django-browser-reload/reload-worker.js HTTP/1.1" 200 2711
[INFO] django.server 2023-09-08 14:28:59,289 - basehttp 17110 : "GET /static/png/prev.png HTTP/1.1" 200 1360
[INFO] django.server 2023-09-08 14:28:59,290 - basehttp 17110 : "GET /static/png/close.png HTTP/1.1" 200 280
[INFO] django.server 2023-09-08 14:28:59,292 - basehttp 17110 : "GET /static/gif/loading.gif HTTP/1.1" 200 8476
[INFO] django.server 2023-09-08 14:28:59,294 - basehttp 17110 : "GET /static/png/next.png HTTP/1.1" 200 1350
[ERROR] django.request 2023-09-08 14:29:09,458 - log 17110 : Internal Server Error: /profile/9/
Traceback (most recent call last):
  File "/csse/users/jth141/Desktop/SENG406/Assignment 3/secure-coding/.venv/lib/python3.10/site-packages/django/core/handlers/exception.py", line 55, in inner
    response = get_response(request)
  File "/csse/users/jth141/Desktop/SENG406/Assignment 3/secure-coding/.venv/lib/python3.10/site-packages/django/core/handlers/base.py", line 197, in _get_response
    response = wrapped_callback(request, *callback_args, **callback_kwargs)
  File "/csse/users/jth141/Desktop/SENG406/Assignment 3/secure-coding/.venv/lib/python3.10/site-packages/django/contrib/auth/decorators.py", line 23, in _wrapper_view
    return view_func(request, *args, **kwargs)
  File "/csse/users/jth141/Desktop/SENG406/Assignment 3/secure-coding/main/views.py", line 67, in user_profile
    return render(request, 'user-profile.html',
  File "/csse/users/jth141/Desktop/SENG406/Assignment 3/secure-coding/.venv/lib/python3.10/site-packages/django/shortcuts.py", line 24, in render
    content = loader.render_to_string(template_name, context, request, using=using)
  File "/csse/users/jth141/Desktop/SENG406/Assignment 3/secure-coding/.venv/lib/python3.10/site-packages/django/template/loader.py", line 62, in render_to_string
    return template.render(context, request)
  File "/csse/users/jth141/Desktop/SENG406/Assignment 3/secure-coding/.venv/lib/python3.10/site-packages/django/template/backends/django.py", line 61, in render
    return self.template.render(context)
  File "/csse/users/jth141/Desktop/SENG406/Assignment 3/secure-coding/.venv/lib/python3.10/site-packages/django/template/base.py", line 175, in render
    return self._render(context)
  File "/csse/users/jth141/Desktop/SENG406/Assignment 3/secure-coding/.venv/lib/python3.10/site-packages/django/template/base.py", line 167, in _render
    return self.nodelist.render(context)
  File "/csse/users/jth141/Desktop/SENG406/Assignment 3/secure-coding/.venv/lib/python3.10/site-packages/django/template/base.py", line 1005, in render
    return SafeString("".join([node.render_annotated(context) for node in self]))
  File "/csse/users/jth141/Desktop/SENG406/Assignment 3/secure-coding/.venv/lib/python3.10/site-packages/django/template/base.py", line 1005, in <listcomp>
    return SafeString("".join([node.render_annotated(context) for node in self]))
  File "/csse/users/jth141/Desktop/SENG406/Assignment 3/secure-coding/.venv/lib/python3.10/site-packages/django/template/base.py", line 966, in render_annotated
    return self.render(context)
  File "/csse/users/jth141/Desktop/SENG406/Assignment 3/secure-coding/.venv/lib/python3.10/site-packages/django/template/loader_tags.py", line 157, in render
    return compiled_parent._render(context)
  File "/csse/users/jth141/Desktop/SENG406/Assignment 3/secure-coding/.venv/lib/python3.10/site-packages/django/template/base.py", line 167, in _render
    return self.nodelist.render(context)
  File "/csse/users/jth141/Desktop/SENG406/Assignment 3/secure-coding/.venv/lib/python3.10/site-packages/django/template/base.py", line 1005, in render
    return SafeString("".join([node.render_annotated(context) for node in self]))
  File "/csse/users/jth141/Desktop/SENG406/Assignment 3/secure-coding/.venv/lib/python3.10/site-packages/django/template/base.py", line 1005, in <listcomp>
    return SafeString("".join([node.render_annotated(context) for node in self]))
  File "/csse/users/jth141/Desktop/SENG406/Assignment 3/secure-coding/.venv/lib/python3.10/site-packages/django/template/base.py", line 966, in render_annotated
    return self.render(context)
  File "/csse/users/jth141/Desktop/SENG406/Assignment 3/secure-coding/.venv/lib/python3.10/site-packages/django/template/loader_tags.py", line 63, in render
    result = block.nodelist.render(context)
  File "/csse/users/jth141/Desktop/SENG406/Assignment 3/secure-coding/.venv/lib/python3.10/site-packages/django/template/base.py", line 1005, in render
    return SafeString("".join([node.render_annotated(context) for node in self]))
  File "/csse/users/jth141/Desktop/SENG406/Assignment 3/secure-coding/.venv/lib/python3.10/site-packages/django/template/base.py", line 1005, in <listcomp>
    return SafeString("".join([node.render_annotated(context) for node in self]))
  File "/csse/users/jth141/Desktop/SENG406/Assignment 3/secure-coding/.venv/lib/python3.10/site-packages/django/template/base.py", line 966, in render_annotated
    return self.render(context)
  File "/csse/users/jth141/Desktop/SENG406/Assignment 3/secure-coding/.venv/lib/python3.10/site-packages/django/template/defaulttags.py", line 321, in render
    return nodelist.render(context)
  File "/csse/users/jth141/Desktop/SENG406/Assignment 3/secure-coding/.venv/lib/python3.10/site-packages/django/template/base.py", line 1005, in render
    return SafeString("".join([node.render_annotated(context) for node in self]))
  File "/csse/users/jth141/Desktop/SENG406/Assignment 3/secure-coding/.venv/lib/python3.10/site-packages/django/template/base.py", line 1005, in <listcomp>
    return SafeString("".join([node.render_annotated(context) for node in self]))
  File "/csse/users/jth141/Desktop/SENG406/Assignment 3/secure-coding/.venv/lib/python3.10/site-packages/django/template/base.py", line 966, in render_annotated
    return self.render(context)
  File "/csse/users/jth141/Desktop/SENG406/Assignment 3/secure-coding/.venv/lib/python3.10/site-packages/django/template/defaulttags.py", line 471, in render
    url = reverse(view_name, args=args, kwargs=kwargs, current_app=current_app)
  File "/csse/users/jth141/Desktop/SENG406/Assignment 3/secure-coding/.venv/lib/python3.10/site-packages/django/urls/base.py", line 88, in reverse
    return resolver._reverse_with_prefix(view, prefix, *args, **kwargs)
  File "/csse/users/jth141/Desktop/SENG406/Assignment 3/secure-coding/.venv/lib/python3.10/site-packages/django/urls/resolvers.py", line 828, in _reverse_with_prefix
    raise NoReverseMatch(msg)
django.urls.exceptions.NoReverseMatch: Reverse for 'edit-profile' with arguments '(9,)' not found. 1 pattern(s) tried: ['edit\\-profile/\\Z']
[ERROR] django.server 2023-09-08 14:29:09,487 - basehttp 17110 : "GET /profile/9/ HTTP/1.1" 500 220838
[INFO] django.server 2023-09-08 14:32:51,028 - basehttp 20267 : "GET / HTTP/1.1" 200 51280
[INFO] django.server 2023-09-08 14:32:53,157 - basehttp 20267 : "GET /profile/9/ HTTP/1.1" 200 32563
[INFO] django.server 2023-09-08 14:32:53,193 - basehttp 20267 : "GET /static/js/jquery.easypiechart.min.js HTTP/1.1" 200 3990
[INFO] django.server 2023-09-08 14:32:53,194 - basehttp 20267 : "GET /static/png/cover_default.png HTTP/1.1" 200 6435
[INFO] django.server 2023-09-08 14:32:58,621 - basehttp 20267 : "GET /profile/7/ HTTP/1.1" 200 32226
[INFO] django.server 2023-09-08 14:33:00,690 - basehttp 20267 : "GET /profile/9/ HTTP/1.1" 200 32563
[INFO] django.server 2023-09-08 14:35:09,135 - basehttp 20267 : "GET /profile/6/ HTTP/1.1" 200 36491
[INFO] django.server 2023-09-08 14:35:09,164 - basehttp 20267 : "GET /media/cover_images/RE4Rw4s_1920x1080.jpg HTTP/1.1" 200 1729516
[INFO] django.server 2023-09-08 14:35:14,030 - basehttp 20267 : "GET /profile/9/ HTTP/1.1" 200 32563
[ERROR] django.request 2023-09-08 14:35:16,205 - log 20267 : Internal Server Error: /edit-profile/
Traceback (most recent call last):
  File "/csse/users/jth141/Desktop/SENG406/Assignment 3/secure-coding/.venv/lib/python3.10/site-packages/django/core/handlers/exception.py", line 55, in inner
    response = get_response(request)
  File "/csse/users/jth141/Desktop/SENG406/Assignment 3/secure-coding/.venv/lib/python3.10/site-packages/django/core/handlers/base.py", line 197, in _get_response
    response = wrapped_callback(request, *callback_args, **callback_kwargs)
  File "/csse/users/jth141/Desktop/SENG406/Assignment 3/secure-coding/.venv/lib/python3.10/site-packages/django/contrib/auth/decorators.py", line 23, in _wrapper_view
    return view_func(request, *args, **kwargs)
  File "/csse/users/jth141/Desktop/SENG406/Assignment 3/secure-coding/main/views.py", line 147, in edit_profile
    user_id = user.user_id
  File "/csse/users/jth141/Desktop/SENG406/Assignment 3/secure-coding/.venv/lib/python3.10/site-packages/django/utils/functional.py", line 268, in inner
    return func(_wrapped, *args)
AttributeError: 'User' object has no attribute 'user_id'
[ERROR] django.server 2023-09-08 14:35:16,212 - basehttp 20267 : "GET /edit-profile/ HTTP/1.1" 500 88305
[DEBUG] main.views 2023-09-08 14:36:00,212 - views 23014 : user_id from request.user: 9
[INFO] main.views 2023-09-08 14:36:00,213 - views 23014 : GET/POST (edit) profile for 9
[INFO] django.server 2023-09-08 14:36:00,394 - basehttp 23014 : "GET /edit-profile/ HTTP/1.1" 200 28504
[INFO] django.server 2023-09-08 14:36:00,422 - basehttp 23014 : "GET /static/css/themify-icons.css HTTP/1.1" 200 16474
[INFO] django.server 2023-09-08 14:36:00,424 - basehttp 23014 : "GET /static/css/style.css HTTP/1.1" 200 302860
[INFO] django.server 2023-09-08 14:36:00,425 - basehttp 23014 : "GET /static/css/feather.css HTTP/1.1" 200 13391
[INFO] django.server 2023-09-08 14:36:00,427 - basehttp 23014 : "GET /static/css/lightbox.css HTTP/1.1" 200 4352
[INFO] django.server 2023-09-08 14:36:00,429 - basehttp 23014 : "GET /static/css/emoji.css HTTP/1.1" 200 411332
[INFO] django.server 2023-09-08 14:36:00,432 - basehttp 23014 : "GET /static/ckeditor/ckeditor-init.js HTTP/1.1" 200 1526
[INFO] django.server 2023-09-08 14:36:00,450 - basehttp 23014 : "GET /static/js/plugin.js HTTP/1.1" 200 250710
[INFO] django.server 2023-09-08 14:36:00,456 - basehttp 23014 : "GET /static/js/scripts.js HTTP/1.1" 200 9730
[INFO] django.server 2023-09-08 14:36:00,456 - basehttp 23014 : "GET /static/svg/default_profile_image.svg HTTP/1.1" 200 220
[INFO] django.server 2023-09-08 14:36:00,461 - basehttp 23014 : "GET /static/ckeditor/ckeditor/ckeditor.js HTTP/1.1" 200 756028
[INFO] django.server 2023-09-08 14:36:00,461 - basehttp 23014 : "GET /media/profile_images/bob.jpg HTTP/1.1" 200 5616
[INFO] django.server 2023-09-08 14:36:00,464 - basehttp 23014 : "GET /media/profile_images/heather.jpg HTTP/1.1" 200 4440
[INFO] django.server 2023-09-08 14:36:00,471 - basehttp 23014 : "GET /static/vendor/owl-carousel/css/owl.carousel.min.css HTTP/1.1" 200 3351
[INFO] django.server 2023-09-08 14:36:00,479 - basehttp 23014 : "GET /media/profile_images/joey.jpg HTTP/1.1" 200 5615
[INFO] django.server 2023-09-08 14:36:00,480 - basehttp 23014 : "GET /static/vendor/owl-carousel/css/owl.theme.default.css HTTP/1.1" 200 1380
[INFO] django.server 2023-09-08 14:36:00,484 - basehttp 23014 : "GET /media/profile_images/arj.jpg HTTP/1.1" 200 4881
[INFO] django.server 2023-09-08 14:36:00,486 - basehttp 23014 : "GET /static/django-browser-reload/reload-listener.js HTTP/1.1" 304 0
[INFO] django.server 2023-09-08 14:36:00,487 - basehttp 23014 : "GET /media/profile_images/leyla.jpg HTTP/1.1" 200 3767
[INFO] django.server 2023-09-08 14:36:00,917 - basehttp 23014 : "GET /static/svg/preloader.svg HTTP/1.1" 200 686
[INFO] django.server 2023-09-08 14:36:00,931 - basehttp 23014 : "GET /static/fonts/Feather.ttf?sdxovp HTTP/1.1" 200 65112
[INFO] django.server 2023-09-08 14:36:00,932 - basehttp 23014 : "GET /static/fonts/themify.woff?-fvbane HTTP/1.1" 200 56108
[INFO] django.server 2023-09-08 14:36:00,933 - basehttp 23014 : "GET /static/django-browser-reload/reload-worker.js HTTP/1.1" 200 2711
[INFO] django.server 2023-09-08 14:36:00,935 - basehttp 23014 : "GET /static/ckeditor/ckeditor/config.js?t=M6K9 HTTP/1.1" 200 336
[INFO] django.server 2023-09-08 14:36:00,965 - basehttp 23014 : "GET /static/ckeditor/ckeditor/skins/moono-lisa/editor.css?t=M6K9 HTTP/1.1" 200 48309
[INFO] django.server 2023-09-08 14:36:00,966 - basehttp 23014 : "GET /static/ckeditor/ckeditor/lang/en.js?t=M6K9 HTTP/1.1" 200 17503
[INFO] django.server 2023-09-08 14:36:00,987 - basehttp 23014 : "GET /static/ckeditor/ckeditor/styles.js?t=M6K9 HTTP/1.1" 200 5577
[INFO] django.server 2023-09-08 14:36:01,008 - basehttp 23014 : "GET /static/ckeditor/ckeditor/plugins/embedsemantic/plugin.js?t=M6K9 HTTP/1.1" 200 1460
[INFO] django.server 2023-09-08 14:36:01,009 - basehttp 23014 : "GET /static/ckeditor/ckeditor/plugins/autoembed/plugin.js?t=M6K9 HTTP/1.1" 200 2334
[INFO] django.server 2023-09-08 14:36:01,011 - basehttp 23014 : "GET /static/ckeditor/ckeditor/plugins/autolink/plugin.js?t=M6K9 HTTP/1.1" 200 584
[INFO] django.server 2023-09-08 14:36:01,033 - basehttp 23014 : "GET /static/ckeditor/ckeditor/plugins/embedbase/plugin.js?t=M6K9 HTTP/1.1" 200 3405
[INFO] django.server 2023-09-08 14:36:01,054 - basehttp 23014 : "GET /static/ckeditor/ckeditor/plugins/scayt/dialogs/dialog.css?t=M6K9 HTTP/1.1" 200 419
[INFO] django.server 2023-09-08 14:36:01,056 - basehttp 23014 : "GET /static/ckeditor/ckeditor/plugins/autoembed/lang/en.js?t=M6K9 HTTP/1.1" 200 164
[INFO] django.server 2023-09-08 14:36:01,057 - basehttp 23014 : "GET /static/ckeditor/ckeditor/plugins/scayt/skins/moono-lisa/scayt.css?t=M6K9 HTTP/1.1" 200 381
[INFO] django.server 2023-09-08 14:36:01,059 - basehttp 23014 : "GET /static/ckeditor/ckeditor/plugins/tableselection/styles/tableselection.css?t=M6K9 HTTP/1.1" 200 1145
[INFO] django.server 2023-09-08 14:36:01,061 - basehttp 23014 : "GET /static/ckeditor/ckeditor/plugins/embedbase/lang/en.js?t=M6K9 HTTP/1.1" 200 470
[INFO] django.server 2023-09-08 14:36:01,088 - basehttp 23014 : "GET /static/ckeditor/ckeditor/plugins/copyformatting/styles/copyformatting.css?t=M6K9 HTTP/1.1" 200 1511
[INFO] django.server 2023-09-08 14:36:01,095 - basehttp 23014 : "GET /static/ckeditor/ckeditor/plugins/dialog/styles/dialog.css?t=M6K9 HTTP/1.1" 200 249
[INFO] django.server 2023-09-08 14:36:01,106 - basehttp 23014 : "GET /static/ckeditor/ckeditor/skins/moono-lisa/icons.png?t=445cf24ebd HTTP/1.1" 200 12237
[INFO] django.server 2023-09-08 14:36:01,152 - basehttp 23014 : "GET /static/ckeditor/ckeditor/contents.css?t=M6K9 HTTP/1.1" 200 3092
[INFO] django.server 2023-09-08 14:36:06,350 - basehttp 23014 : "GET /profile/9/ HTTP/1.1" 200 32563
[INFO] django.server 2023-09-08 14:36:06,392 - basehttp 23014 : "GET /static/js/lightbox.js HTTP/1.1" 200 20097
[INFO] django.server 2023-09-08 14:36:06,444 - basehttp 23014 : "GET /static/png/next.png HTTP/1.1" 200 1350
[INFO] django.server 2023-09-08 14:36:06,446 - basehttp 23014 : "GET /static/gif/loading.gif HTTP/1.1" 200 8476
[INFO] django.server 2023-09-08 14:36:06,447 - basehttp 23014 : "GET /static/png/close.png HTTP/1.1" 200 280
[INFO] django.server 2023-09-08 14:36:06,449 - basehttp 23014 : "GET /static/png/prev.png HTTP/1.1" 200 1360
[INFO] django.server 2023-09-08 14:36:12,626 - basehttp 23014 : "GET /profile/8/ HTTP/1.1" 200 32229
[WARNING] django.server 2023-09-08 14:36:17,176 - basehttp 23014 : "GET /static/css/style.css.map HTTP/1.1" 404 1810
[WARNING] django.server 2023-09-08 14:36:17,177 - basehttp 23014 : "GET /static/js/bootstrap.bundle.min.js.map HTTP/1.1" 404 1849
[INFO] django.server 2023-09-08 14:36:49,899 - basehttp 23014 : "GET /profile/8/ HTTP/1.1" 200 32229
[INFO] django.server 2023-09-08 14:36:53,715 - basehttp 23014 : "GET /profile/9/ HTTP/1.1" 200 32563
[WARNING] django.server 2023-09-08 14:36:55,954 - basehttp 23014 : "GET /static/js/bootstrap.bundle.min.js.map HTTP/1.1" 404 1849
[WARNING] django.server 2023-09-08 14:36:55,962 - basehttp 23014 : "GET /static/css/style.css.map HTTP/1.1" 404 1810
[DEBUG] main.views 2023-09-08 14:37:15,027 - views 23014 : user_id from request.user: 9
[INFO] main.views 2023-09-08 14:37:15,028 - views 23014 : GET/POST (edit) profile for 9
[INFO] django.server 2023-09-08 14:37:15,116 - basehttp 23014 : "GET /edit-profile/ HTTP/1.1" 200 28504
[DEBUG] main.views 2023-09-08 14:38:11,716 - views 23014 : user_id from request.user: 9
[INFO] main.views 2023-09-08 14:38:11,716 - views 23014 : GET/POST (edit) profile for 9
[INFO] main.views 2023-09-08 14:38:11,779 - views 23014 : Saved new profile data for user jth141
[INFO] django.server 2023-09-08 14:38:11,861 - basehttp 23014 : "POST /edit-profile/ HTTP/1.1" 200 28802
[INFO] django.server 2023-09-08 14:38:11,891 - basehttp 23014 : "GET /media/profile_images/ksnip_20230816-224135.png HTTP/1.1" 200 157489
[DEBUG] main.views 2023-09-08 14:38:21,094 - views 23014 : user_id from request.user: 9
[INFO] main.views 2023-09-08 14:38:21,094 - views 23014 : GET/POST (edit) profile for 9
[INFO] main.views 2023-09-08 14:38:21,137 - views 23014 : Saved new profile data for user jth141
[INFO] django.server 2023-09-08 14:38:21,222 - basehttp 23014 : "POST /edit-profile/ HTTP/1.1" 200 28504
[DEBUG] main.views 2023-09-08 14:39:01,740 - views 23014 : user_id from request.user: 9
[INFO] main.views 2023-09-08 14:39:01,740 - views 23014 : GET/POST (edit) profile for 9
[INFO] main.views 2023-09-08 14:39:01,779 - views 23014 : Saved new profile data for user jth141
[INFO] django.server 2023-09-08 14:39:01,862 - basehttp 23014 : "POST /edit-profile/ HTTP/1.1" 200 28504
[INFO] django.server 2023-09-08 14:39:01,970 - basehttp 23014 : "GET /static/svg/zap.svg HTTP/1.1" 200 277
[INFO] django.server 2023-09-08 15:39:24,156 - basehttp 79689 : "GET /settings/ HTTP/1.1" 200 26082
[INFO] django.server 2023-09-08 15:46:28,342 - basehttp 86319 : "GET /profile/9/ HTTP/1.1" 200 32559
[INFO] django.server 2023-09-08 15:46:28,370 - basehttp 86319 : "GET /static/css/lightbox.css HTTP/1.1" 200 4352
[INFO] django.server 2023-09-08 15:46:28,371 - basehttp 86319 : "GET /static/css/emoji.css HTTP/1.1" 200 411332
[INFO] django.server 2023-09-08 15:46:28,371 - basehttp 86319 : "GET /static/css/feather.css HTTP/1.1" 200 13391
[INFO] django.server 2023-09-08 15:46:28,373 - basehttp 86319 : "GET /static/css/style.css HTTP/1.1" 200 302860
[INFO] django.server 2023-09-08 15:46:28,374 - basehttp 86319 : "GET /static/css/themify-icons.css HTTP/1.1" 200 16474
[INFO] django.server 2023-09-08 15:46:28,385 - basehttp 86319 : "GET /static/js/plugin.js HTTP/1.1" 304 0
[INFO] django.server 2023-09-08 15:46:28,393 - basehttp 86319 : "GET /static/svg/default_profile_image.svg HTTP/1.1" 304 0
[INFO] django.server 2023-09-08 15:46:28,395 - basehttp 86319 : "GET /media/profile_images/bob.jpg HTTP/1.1" 304 0
[INFO] django.server 2023-09-08 15:46:28,395 - basehttp 86319 : "GET /static/js/jquery.easypiechart.min.js HTTP/1.1" 200 3990
[INFO] django.server 2023-09-08 15:46:28,396 - basehttp 86319 : "GET /static/png/cover_default.png HTTP/1.1" 200 6435
[INFO] django.server 2023-09-08 15:46:28,399 - basehttp 86319 : "GET /media/profile_images/heather.jpg HTTP/1.1" 304 0
[INFO] django.server 2023-09-08 15:46:28,402 - basehttp 86319 : "GET /static/js/scripts.js HTTP/1.1" 304 0
[INFO] django.server 2023-09-08 15:46:28,406 - basehttp 86319 : "GET /static/vendor/owl-carousel/css/owl.carousel.min.css HTTP/1.1" 304 0
[INFO] django.server 2023-09-08 15:46:28,408 - basehttp 86319 : "GET /static/vendor/owl-carousel/css/owl.theme.default.css HTTP/1.1" 304 0
[INFO] django.server 2023-09-08 15:46:28,411 - basehttp 86319 : "GET /media/profile_images/joey.jpg HTTP/1.1" 304 0
[INFO] django.server 2023-09-08 15:46:28,414 - basehttp 86319 : "GET /media/profile_images/arj.jpg HTTP/1.1" 304 0
[INFO] django.server 2023-09-08 15:46:28,414 - basehttp 86319 : "GET /media/profile_images/leyla.jpg HTTP/1.1" 304 0
[INFO] django.server 2023-09-08 15:46:28,416 - basehttp 86319 : "GET /static/django-browser-reload/reload-listener.js HTTP/1.1" 304 0
[INFO] django.server 2023-09-08 15:46:28,428 - basehttp 86319 : "GET /static/svg/preloader.svg HTTP/1.1" 304 0
[INFO] django.server 2023-09-08 15:46:28,435 - basehttp 86319 : "GET /static/fonts/themify.woff?-fvbane HTTP/1.1" 304 0
[INFO] django.server 2023-09-08 15:46:28,435 - basehttp 86319 : "GET /static/fonts/Feather.ttf?sdxovp HTTP/1.1" 304 0
[INFO] main.views 2023-09-08 15:46:29,407 - views 86319 : GET/POST (edit) profile for 9
[INFO] django.server 2023-09-08 15:46:29,541 - basehttp 86319 : "GET /edit-profile/ HTTP/1.1" 200 28538
[INFO] django.server 2023-09-08 15:46:29,564 - basehttp 86319 : "GET /static/ckeditor/ckeditor-init.js HTTP/1.1" 200 1526
[INFO] django.server 2023-09-08 15:46:29,566 - basehttp 86319 : "GET /static/ckeditor/ckeditor/ckeditor.js HTTP/1.1" 200 756028
[INFO] django.server 2023-09-08 15:46:29,654 - basehttp 86319 : "GET /static/ckeditor/ckeditor/plugins/tableselection/styles/tableselection.css?t=M6K9 HTTP/1.1" 200 1145
[INFO] django.server 2023-09-08 15:46:29,677 - basehttp 86319 : "GET /static/ckeditor/ckeditor/skins/moono-lisa/icons.png?t=445cf24ebd HTTP/1.1" 200 12237
[INFO] main.views 2023-09-08 15:46:46,225 - views 86319 : GET/POST (edit) profile for 9
[INFO] main.views 2023-09-08 15:46:47,713 - views 86319 : Saved new profile data for user jth141
[INFO] django.server 2023-09-08 15:46:47,816 - basehttp 86319 : "POST /edit-profile/ HTTP/1.1" 200 29085
[INFO] django.server 2023-09-08 15:46:47,845 - basehttp 86319 : "GET /media/profile_images/ksnip_20230816-224135_c1cI5fU.png HTTP/1.1" 200 157489
[INFO] main.views 2023-09-08 15:47:02,357 - views 86319 : GET/POST (edit) profile for 9
[INFO] main.views 2023-09-08 15:47:02,403 - views 86319 : Saved new profile data for user jth141
[INFO] django.server 2023-09-08 15:47:02,507 - basehttp 86319 : "POST /edit-profile/ HTTP/1.1" 200 28538
[INFO] django.server 2023-09-08 15:47:02,589 - basehttp 86319 : "GET /static/ckeditor/ckeditor/config.js?t=M6K9 HTTP/1.1" 200 336
[INFO] django.server 2023-09-08 15:47:02,608 - basehttp 86319 : "GET /static/ckeditor/ckeditor/skins/moono-lisa/editor.css?t=M6K9 HTTP/1.1" 200 48309
[INFO] django.server 2023-09-08 15:47:02,610 - basehttp 86319 : "GET /static/ckeditor/ckeditor/lang/en.js?t=M6K9 HTTP/1.1" 200 17503
[INFO] django.server 2023-09-08 15:47:02,630 - basehttp 86319 : "GET /static/ckeditor/ckeditor/styles.js?t=M6K9 HTTP/1.1" 200 5577
[INFO] django.server 2023-09-08 15:47:02,649 - basehttp 86319 : "GET /static/ckeditor/ckeditor/plugins/autolink/plugin.js?t=M6K9 HTTP/1.1" 200 584
[INFO] django.server 2023-09-08 15:47:02,652 - basehttp 86319 : "GET /static/ckeditor/ckeditor/plugins/autoembed/plugin.js?t=M6K9 HTTP/1.1" 200 2334
[INFO] django.server 2023-09-08 15:47:02,654 - basehttp 86319 : "GET /static/ckeditor/ckeditor/plugins/embedsemantic/plugin.js?t=M6K9 HTTP/1.1" 200 1460
[INFO] django.server 2023-09-08 15:47:02,674 - basehttp 86319 : "GET /static/ckeditor/ckeditor/plugins/embedbase/plugin.js?t=M6K9 HTTP/1.1" 200 3405
[INFO] django.server 2023-09-08 15:47:02,693 - basehttp 86319 : "GET /static/ckeditor/ckeditor/plugins/scayt/skins/moono-lisa/scayt.css?t=M6K9 HTTP/1.1" 200 381
[INFO] django.server 2023-09-08 15:47:02,695 - basehttp 86319 : "GET /static/ckeditor/ckeditor/plugins/scayt/dialogs/dialog.css?t=M6K9 HTTP/1.1" 200 419
[INFO] django.server 2023-09-08 15:47:02,697 - basehttp 86319 : "GET /static/ckeditor/ckeditor/plugins/autoembed/lang/en.js?t=M6K9 HTTP/1.1" 200 164
[INFO] django.server 2023-09-08 15:47:02,699 - basehttp 86319 : "GET /static/ckeditor/ckeditor/plugins/embedbase/lang/en.js?t=M6K9 HTTP/1.1" 200 470
[INFO] django.server 2023-09-08 15:47:02,722 - basehttp 86319 : "GET /static/ckeditor/ckeditor/plugins/copyformatting/styles/copyformatting.css?t=M6K9 HTTP/1.1" 200 1511
[INFO] django.server 2023-09-08 15:47:02,726 - basehttp 86319 : "GET /static/ckeditor/ckeditor/plugins/dialog/styles/dialog.css?t=M6K9 HTTP/1.1" 200 249
[INFO] django.server 2023-09-08 15:47:02,750 - basehttp 86319 : "GET /static/ckeditor/ckeditor/contents.css?t=M6K9 HTTP/1.1" 200 3092
[INFO] main.views 2023-09-08 15:47:48,635 - views 86319 : GET/POST (edit) profile for 9
[INFO] main.views 2023-09-08 15:47:48,715 - views 86319 : Saved new profile data for user jth141
[INFO] django.server 2023-09-08 15:47:48,805 - basehttp 86319 : "POST /edit-profile/ HTTP/1.1" 200 28987
[INFO] django.server 2023-09-08 15:47:48,830 - basehttp 86319 : "GET /media/profile_images/logo.png HTTP/1.1" 200 3372
[INFO] django.server 2023-09-08 15:47:53,674 - basehttp 86319 : "GET /settings/ HTTP/1.1" 200 26098
[INFO] django.server 2023-09-08 15:47:53,698 - basehttp 86319 : "GET /media/profile_images/logo.png HTTP/1.1" 304 0
[INFO] django.server 2023-09-08 15:47:55,655 - basehttp 86319 : "GET /profile/9/ HTTP/1.1" 200 32571
[INFO] django.server 2023-09-08 15:47:55,696 - basehttp 86319 : "GET /media/profile_images/logo.png HTTP/1.1" 304 0
[INFO] django.server 2023-09-08 15:47:55,712 - basehttp 86319 : "GET /media/cover_images/logoFull.png HTTP/1.1" 200 275203
[INFO] django.server 2023-09-08 15:48:08,373 - basehttp 86319 : "GET /home/ HTTP/1.1" 200 51296
[INFO] django.server 2023-09-08 15:48:08,419 - basehttp 86319 : "GET /media/profile_images/logo.png HTTP/1.1" 304 0
